{"/Users/davidconnolly/workspace/ObsidianDev/.obsidian/plugins/obsidian-ai-helper/src/chat.ts": {"path":"/Users/davidconnolly/workspace/ObsidianDev/.obsidian/plugins/obsidian-ai-helper/src/chat.ts","statementMap":{"0":{"start":{"line":1,"column":0},"end":{"line":1,"column":98}},"1":{"start":{"line":3,"column":0},"end":{"line":3,"column":45}},"2":{"start":{"line":6,"column":0},"end":{"line":6,"column":55}},"3":{"start":{"line":7,"column":0},"end":{"line":7,"column":51}},"4":{"start":{"line":8,"column":0},"end":{"line":8,"column":132}},"5":{"start":{"line":11,"column":13},"end":{"line":11,"column":55}},"6":{"start":{"line":14,"column":24},"end":{"line":14,"column":121}},"7":{"start":{"line":45,"column":27},"end":{"line":45,"column":75}},"8":{"start":{"line":46,"column":4},"end":{"line":49,"column":null}},"9":{"start":{"line":47,"column":8},"end":{"line":47,"column":52}},"10":{"start":{"line":48,"column":8},"end":{"line":48,"column":15}},"11":{"start":{"line":51,"column":17},"end":{"line":51,"column":50}},"12":{"start":{"line":52,"column":4},"end":{"line":57,"column":null}},"13":{"start":{"line":53,"column":8},"end":{"line":55,"column":11}},"14":{"start":{"line":56,"column":8},"end":{"line":56,"column":39}},"15":{"start":{"line":44,"column":0},"end":{"line":44,"column":16}},"16":{"start":{"line":82,"column":8},"end":{"line":82,"column":20}},"17":{"start":{"line":63,"column":4},"end":{"line":63,"column":33}},"18":{"start":{"line":69,"column":4},"end":{"line":69,"column":42}},"19":{"start":{"line":77,"column":12},"end":{"line":77,"column":33}},"20":{"start":{"line":78,"column":12},"end":{"line":78,"column":63}},"21":{"start":{"line":79,"column":12},"end":{"line":79,"column":59}},"22":{"start":{"line":83,"column":8},"end":{"line":83,"column":33}},"23":{"start":{"line":84,"column":8},"end":{"line":84,"column":38}},"24":{"start":{"line":87,"column":8},"end":{"line":87,"column":33}},"25":{"start":{"line":88,"column":8},"end":{"line":88,"column":36}},"26":{"start":{"line":89,"column":8},"end":{"line":89,"column":36}},"27":{"start":{"line":90,"column":8},"end":{"line":90,"column":55}},"28":{"start":{"line":93,"column":8},"end":{"line":126,"column":13}},"29":{"start":{"line":93,"column":49},"end":{"line":126,"column":10}},"30":{"start":{"line":94,"column":12},"end":{"line":125,"column":null}},"31":{"start":{"line":95,"column":34},"end":{"line":95,"column":44}},"32":{"start":{"line":96,"column":34},"end":{"line":96,"column":38}},"33":{"start":{"line":99,"column":16},"end":{"line":111,"column":null}},"34":{"start":{"line":100,"column":20},"end":{"line":102,"column":null}},"35":{"start":{"line":101,"column":24},"end":{"line":101,"column":84}},"36":{"start":{"line":104,"column":20},"end":{"line":110,"column":null}},"37":{"start":{"line":105,"column":24},"end":{"line":105,"column":94}},"38":{"start":{"line":106,"column":24},"end":{"line":106,"column":58}},"39":{"start":{"line":108,"column":24},"end":{"line":108,"column":82}},"40":{"start":{"line":109,"column":24},"end":{"line":109,"column":79}},"41":{"start":{"line":109,"column":53},"end":{"line":109,"column":77}},"42":{"start":{"line":114,"column":16},"end":{"line":121,"column":null}},"43":{"start":{"line":115,"column":20},"end":{"line":115,"column":97}},"44":{"start":{"line":116,"column":20},"end":{"line":116,"column":57}},"45":{"start":{"line":117,"column":20},"end":{"line":117,"column":63}},"46":{"start":{"line":118,"column":20},"end":{"line":118,"column":94}},"47":{"start":{"line":120,"column":20},"end":{"line":120,"column":81}},"48":{"start":{"line":123,"column":16},"end":{"line":123,"column":63}},"49":{"start":{"line":124,"column":16},"end":{"line":124,"column":28}},"50":{"start":{"line":130,"column":8},"end":{"line":130,"column":33}},"51":{"start":{"line":134,"column":8},"end":{"line":134,"column":25}},"52":{"start":{"line":138,"column":8},"end":{"line":138,"column":32}},"53":{"start":{"line":142,"column":30},"end":{"line":142,"column":34}},"54":{"start":{"line":143,"column":8},"end":{"line":143,"column":26}},"55":{"start":{"line":144,"column":8},"end":{"line":144,"column":50}},"56":{"start":{"line":147,"column":8},"end":{"line":147,"column":41}},"57":{"start":{"line":150,"column":8},"end":{"line":150,"column":35}},"58":{"start":{"line":153,"column":8},"end":{"line":155,"column":null}},"59":{"start":{"line":154,"column":12},"end":{"line":154,"column":54}},"60":{"start":{"line":160,"column":28},"end":{"line":160,"column":79}},"61":{"start":{"line":163,"column":31},"end":{"line":163,"column":90}},"62":{"start":{"line":164,"column":30},"end":{"line":164,"column":91}},"63":{"start":{"line":165,"column":8},"end":{"line":165,"column":48}},"64":{"start":{"line":166,"column":8},"end":{"line":166,"column":93}},"65":{"start":{"line":169,"column":8},"end":{"line":169,"column":91}},"66":{"start":{"line":172,"column":8},"end":{"line":172,"column":95}},"67":{"start":{"line":173,"column":8},"end":{"line":176,"column":11}},"68":{"start":{"line":179,"column":8},"end":{"line":184,"column":11}},"69":{"start":{"line":180,"column":12},"end":{"line":183,"column":null}},"70":{"start":{"line":181,"column":16},"end":{"line":181,"column":35}},"71":{"start":{"line":182,"column":16},"end":{"line":182,"column":35}},"72":{"start":{"line":187,"column":32},"end":{"line":187,"column":100}},"73":{"start":{"line":190,"column":28},"end":{"line":192,"column":44}},"74":{"start":{"line":192,"column":27},"end":{"line":192,"column":43}},"75":{"start":{"line":193,"column":8},"end":{"line":193,"column":69}},"76":{"start":{"line":196,"column":8},"end":{"line":196,"column":70}},"77":{"start":{"line":199,"column":8},"end":{"line":202,"column":47}},"78":{"start":{"line":202,"column":27},"end":{"line":202,"column":45}},"79":{"start":{"line":206,"column":8},"end":{"line":206,"column":38}},"80":{"start":{"line":208,"column":8},"end":{"line":224,"column":null}},"81":{"start":{"line":209,"column":31},"end":{"line":209,"column":98}},"82":{"start":{"line":212,"column":34},"end":{"line":212,"column":95}},"83":{"start":{"line":213,"column":12},"end":{"line":213,"column":314}},"84":{"start":{"line":216,"column":37},"end":{"line":216,"column":101}},"85":{"start":{"line":217,"column":12},"end":{"line":217,"column":76}},"86":{"start":{"line":220,"column":40},"end":{"line":220,"column":107}},"87":{"start":{"line":221,"column":12},"end":{"line":221,"column":107}},"88":{"start":{"line":223,"column":12},"end":{"line":223,"column":19}},"89":{"start":{"line":227,"column":28},"end":{"line":227,"column":93}},"90":{"start":{"line":227,"column":67},"end":{"line":227,"column":92}},"91":{"start":{"line":229,"column":8},"end":{"line":261,"column":null}},"92":{"start":{"line":230,"column":32},"end":{"line":230,"column":98}},"93":{"start":{"line":233,"column":28},"end":{"line":233,"column":90}},"94":{"start":{"line":234,"column":12},"end":{"line":234,"column":48}},"95":{"start":{"line":237,"column":31},"end":{"line":237,"column":96}},"96":{"start":{"line":240,"column":27},"end":{"line":240,"column":87}},"97":{"start":{"line":241,"column":12},"end":{"line":241,"column":43}},"98":{"start":{"line":244,"column":33},"end":{"line":244,"column":99}},"99":{"start":{"line":245,"column":12},"end":{"line":245,"column":85}},"100":{"start":{"line":248,"column":34},"end":{"line":248,"column":97}},"101":{"start":{"line":249,"column":32},"end":{"line":249,"column":62}},"102":{"start":{"line":250,"column":28},"end":{"line":250,"column":62}},"103":{"start":{"line":251,"column":12},"end":{"line":251,"column":62}},"104":{"start":{"line":254,"column":30},"end":{"line":254,"column":94}},"105":{"start":{"line":255,"column":12},"end":{"line":255,"column":105}},"106":{"start":{"line":258,"column":12},"end":{"line":260,"column":15}},"107":{"start":{"line":259,"column":16},"end":{"line":259,"column":65}},"108":{"start":{"line":266,"column":20},"end":{"line":266,"column":30}},"109":{"start":{"line":267,"column":30},"end":{"line":267,"column":81}},"110":{"start":{"line":269,"column":8},"end":{"line":271,"column":null}},"111":{"start":{"line":270,"column":12},"end":{"line":270,"column":30}},"112":{"start":{"line":273,"column":30},"end":{"line":273,"column":60}},"113":{"start":{"line":274,"column":8},"end":{"line":276,"column":null}},"114":{"start":{"line":275,"column":12},"end":{"line":275,"column":43}},"115":{"start":{"line":278,"column":28},"end":{"line":278,"column":58}},"116":{"start":{"line":279,"column":8},"end":{"line":281,"column":null}},"117":{"start":{"line":280,"column":12},"end":{"line":280,"column":41}},"118":{"start":{"line":283,"column":27},"end":{"line":283,"column":55}},"119":{"start":{"line":284,"column":8},"end":{"line":286,"column":null}},"120":{"start":{"line":285,"column":12},"end":{"line":285,"column":40}},"121":{"start":{"line":288,"column":8},"end":{"line":291,"column":null}},"122":{"start":{"line":289,"column":26},"end":{"line":289,"column":52}},"123":{"start":{"line":290,"column":12},"end":{"line":290,"column":35}},"124":{"start":{"line":293,"column":8},"end":{"line":296,"column":null}},"125":{"start":{"line":294,"column":27},"end":{"line":294,"column":54}},"126":{"start":{"line":295,"column":12},"end":{"line":295,"column":37}},"127":{"start":{"line":298,"column":22},"end":{"line":298,"column":50}},"128":{"start":{"line":299,"column":8},"end":{"line":299,"column":31}},"129":{"start":{"line":303,"column":26},"end":{"line":303,"column":121}},"130":{"start":{"line":304,"column":8},"end":{"line":304,"column":35}},"131":{"start":{"line":305,"column":8},"end":{"line":305,"column":63}},"132":{"start":{"line":306,"column":8},"end":{"line":306,"column":106}},"133":{"start":{"line":310,"column":26},"end":{"line":310,"column":126}},"134":{"start":{"line":311,"column":27},"end":{"line":311,"column":48}},"135":{"start":{"line":312,"column":8},"end":{"line":312,"column":71}},"136":{"start":{"line":313,"column":8},"end":{"line":313,"column":68}},"137":{"start":{"line":314,"column":8},"end":{"line":314,"column":106}},"138":{"start":{"line":315,"column":8},"end":{"line":315,"column":32}},"139":{"start":{"line":319,"column":8},"end":{"line":319,"column":39}},"140":{"start":{"line":320,"column":8},"end":{"line":320,"column":46}},"141":{"start":{"line":321,"column":8},"end":{"line":329,"column":null}},"142":{"start":{"line":322,"column":12},"end":{"line":322,"column":59}},"143":{"start":{"line":323,"column":12},"end":{"line":323,"column":53}},"144":{"start":{"line":324,"column":12},"end":{"line":324,"column":88}},"145":{"start":{"line":326,"column":12},"end":{"line":326,"column":50}},"146":{"start":{"line":327,"column":12},"end":{"line":327,"column":54}},"147":{"start":{"line":328,"column":12},"end":{"line":328,"column":68}},"148":{"start":{"line":333,"column":24},"end":{"line":333,"column":52}},"149":{"start":{"line":334,"column":8},"end":{"line":334,"column":50}},"150":{"start":{"line":334,"column":43},"end":{"line":334,"column":50}},"151":{"start":{"line":337,"column":8},"end":{"line":337,"column":53}},"152":{"start":{"line":338,"column":23},"end":{"line":338,"column":50}},"153":{"start":{"line":341,"column":8},"end":{"line":341,"column":38}},"154":{"start":{"line":343,"column":8},"end":{"line":379,"column":null}},"155":{"start":{"line":345,"column":12},"end":{"line":345,"column":39}},"156":{"start":{"line":348,"column":12},"end":{"line":348,"column":41}},"157":{"start":{"line":351,"column":12},"end":{"line":354,"column":null}},"158":{"start":{"line":352,"column":16},"end":{"line":352,"column":49}},"159":{"start":{"line":353,"column":16},"end":{"line":353,"column":50}},"160":{"start":{"line":357,"column":12},"end":{"line":359,"column":null}},"161":{"start":{"line":358,"column":16},"end":{"line":358,"column":77}},"162":{"start":{"line":362,"column":12},"end":{"line":362,"column":71}},"163":{"start":{"line":363,"column":12},"end":{"line":363,"column":39}},"164":{"start":{"line":366,"column":29},"end":{"line":366,"column":73}},"165":{"start":{"line":369,"column":12},"end":{"line":369,"column":55}},"166":{"start":{"line":371,"column":12},"end":{"line":374,"column":null}},"167":{"start":{"line":372,"column":16},"end":{"line":372,"column":60}},"168":{"start":{"line":373,"column":16},"end":{"line":373,"column":123}},"169":{"start":{"line":377,"column":12},"end":{"line":377,"column":43}},"170":{"start":{"line":378,"column":12},"end":{"line":378,"column":40}},"171":{"start":{"line":383,"column":8},"end":{"line":466,"column":null}},"172":{"start":{"line":384,"column":12},"end":{"line":384,"column":75}},"173":{"start":{"line":387,"column":35},"end":{"line":387,"column":85}},"174":{"start":{"line":388,"column":12},"end":{"line":388,"column":65}},"175":{"start":{"line":391,"column":37},"end":{"line":391,"column":126}},"176":{"start":{"line":392,"column":32},"end":{"line":396,"column":58}},"177":{"start":{"line":395,"column":32},"end":{"line":395,"column":79}},"178":{"start":{"line":396,"column":29},"end":{"line":396,"column":57}},"179":{"start":{"line":397,"column":12},"end":{"line":397,"column":84}},"180":{"start":{"line":400,"column":31},"end":{"line":400,"column":65}},"181":{"start":{"line":401,"column":25},"end":{"line":401,"column":60}},"182":{"start":{"line":404,"column":28},"end":{"line":409,"column":14}},"183":{"start":{"line":411,"column":12},"end":{"line":416,"column":20}},"184":{"start":{"line":411,"column":95},"end":{"line":416,"column":14}},"185":{"start":{"line":419,"column":53},"end":{"line":419,"column":55}},"186":{"start":{"line":420,"column":35},"end":{"line":420,"column":52}},"187":{"start":{"line":422,"column":12},"end":{"line":459,"column":null}},"188":{"start":{"line":423,"column":16},"end":{"line":426,"column":null}},"189":{"start":{"line":424,"column":20},"end":{"line":424,"column":87}},"190":{"start":{"line":425,"column":20},"end":{"line":425,"column":29}},"191":{"start":{"line":427,"column":16},"end":{"line":427,"column":48}},"192":{"start":{"line":429,"column":29},"end":{"line":429,"column":87}},"193":{"start":{"line":430,"column":16},"end":{"line":433,"column":null}},"194":{"start":{"line":431,"column":20},"end":{"line":431,"column":84}},"195":{"start":{"line":432,"column":20},"end":{"line":432,"column":29}},"196":{"start":{"line":435,"column":16},"end":{"line":458,"column":null}},"197":{"start":{"line":436,"column":36},"end":{"line":436,"column":73}},"198":{"start":{"line":437,"column":34},"end":{"line":437,"column":49}},"199":{"start":{"line":438,"column":41},"end":{"line":438,"column":73}},"200":{"start":{"line":440,"column":20},"end":{"line":448,"column":26}},"201":{"start":{"line":450,"column":20},"end":{"line":455,"column":23}},"202":{"start":{"line":457,"column":20},"end":{"line":457,"column":77}},"203":{"start":{"line":461,"column":12},"end":{"line":461,"column":91}},"204":{"start":{"line":462,"column":12},"end":{"line":462,"column":33}},"205":{"start":{"line":464,"column":12},"end":{"line":464,"column":66}},"206":{"start":{"line":465,"column":12},"end":{"line":465,"column":22}},"207":{"start":{"line":471,"column":8},"end":{"line":473,"column":null}},"208":{"start":{"line":472,"column":12},"end":{"line":472,"column":225}},"209":{"start":{"line":476,"column":37},"end":{"line":481,"column":53}},"210":{"start":{"line":484,"column":40},"end":{"line":487,"column":10}},"211":{"start":{"line":485,"column":113},"end":{"line":485,"column":138}},"212":{"start":{"line":491,"column":24},"end":{"line":491,"column":172}},"213":{"start":{"line":493,"column":8},"end":{"line":493,"column":123}},"214":{"start":{"line":496,"column":25},"end":{"line":496,"column":83}},"215":{"start":{"line":497,"column":8},"end":{"line":497,"column":24}},"216":{"start":{"line":503,"column":8},"end":{"line":506,"column":null}},"217":{"start":{"line":504,"column":12},"end":{"line":504,"column":41}},"218":{"start":{"line":505,"column":12},"end":{"line":505,"column":40}},"219":{"start":{"line":509,"column":8},"end":{"line":509,"column":27}},"220":{"start":{"line":510,"column":8},"end":{"line":510,"column":39}},"221":{"start":{"line":513,"column":8},"end":{"line":513,"column":32}},"222":{"start":{"line":514,"column":8},"end":{"line":514,"column":35}},"223":{"start":{"line":517,"column":8},"end":{"line":517,"column":35}},"224":{"start":{"line":518,"column":8},"end":{"line":518,"column":41}},"225":{"start":{"line":519,"column":8},"end":{"line":519,"column":64}},"226":{"start":{"line":522,"column":8},"end":{"line":522,"column":46}},"227":{"start":{"line":523,"column":8},"end":{"line":523,"column":50}},"228":{"start":{"line":526,"column":8},"end":{"line":526,"column":39}},"229":{"start":{"line":529,"column":8},"end":{"line":531,"column":null}},"230":{"start":{"line":530,"column":12},"end":{"line":530,"column":54}},"231":{"start":{"line":61,"column":0},"end":{"line":61,"column":13}}},"fnMap":{"0":{"name":"openAIChat","decl":{"start":{"line":44,"column":16},"end":{"line":44,"column":26}},"loc":{"start":{"line":44,"column":35},"end":{"line":58,"column":1}}},"1":{"name":"(anonymous_1)","decl":{"start":{"line":81,"column":4},"end":{"line":81,"column":16}},"loc":{"start":{"line":81,"column":55},"end":{"line":127,"column":5}}},"2":{"name":"(anonymous_2)","decl":{"start":{"line":93,"column":38},"end":{"line":93,"column":47}},"loc":{"start":{"line":93,"column":49},"end":{"line":126,"column":10}}},"3":{"name":"(anonymous_3)","decl":{"start":{"line":93,"column":49},"end":{"line":93,"column":null}},"loc":{"start":{"line":93,"column":49},"end":{"line":126,"column":9}}},"4":{"name":"(anonymous_4)","decl":{"start":{"line":109,"column":42},"end":{"line":109,"column":49}},"loc":{"start":{"line":109,"column":53},"end":{"line":109,"column":77}}},"5":{"name":"(anonymous_5)","decl":{"start":{"line":129,"column":4},"end":{"line":129,"column":15}},"loc":{"start":{"line":129,"column":15},"end":{"line":131,"column":5}}},"6":{"name":"(anonymous_6)","decl":{"start":{"line":133,"column":4},"end":{"line":133,"column":18}},"loc":{"start":{"line":133,"column":18},"end":{"line":135,"column":5}}},"7":{"name":"(anonymous_7)","decl":{"start":{"line":137,"column":4},"end":{"line":137,"column":11}},"loc":{"start":{"line":137,"column":11},"end":{"line":139,"column":5}}},"8":{"name":"(anonymous_8)","decl":{"start":{"line":141,"column":10},"end":{"line":141,"column":16}},"loc":{"start":{"line":141,"column":16},"end":{"line":156,"column":null}}},"9":{"name":"(anonymous_10)","decl":{"start":{"line":158,"column":4},"end":{"line":158,"column":20}},"loc":{"start":{"line":158,"column":43},"end":{"line":203,"column":5}}},"10":{"name":"(anonymous_11)","decl":{"start":{"line":179,"column":52},"end":{"line":179,"column":53}},"loc":{"start":{"line":179,"column":73},"end":{"line":184,"column":9}}},"11":{"name":"(anonymous_12)","decl":{"start":{"line":192,"column":21},"end":{"line":192,"column":24}},"loc":{"start":{"line":192,"column":27},"end":{"line":192,"column":43}}},"12":{"name":"(anonymous_13)","decl":{"start":{"line":202,"column":21},"end":{"line":202,"column":24}},"loc":{"start":{"line":202,"column":27},"end":{"line":202,"column":45}}},"13":{"name":"(anonymous_14)","decl":{"start":{"line":205,"column":4},"end":{"line":205,"column":23}},"loc":{"start":{"line":205,"column":23},"end":{"line":262,"column":5}}},"14":{"name":"(anonymous_15)","decl":{"start":{"line":227,"column":57},"end":{"line":227,"column":58}},"loc":{"start":{"line":227,"column":67},"end":{"line":227,"column":92}}},"15":{"name":"(anonymous_16)","decl":{"start":{"line":258,"column":50},"end":{"line":258,"column":53}},"loc":{"start":{"line":258,"column":55},"end":{"line":260,"column":13}}},"16":{"name":"(anonymous_17)","decl":{"start":{"line":265,"column":12},"end":{"line":265,"column":28}},"loc":{"start":{"line":265,"column":39},"end":{"line":300,"column":5}}},"17":{"name":"(anonymous_18)","decl":{"start":{"line":302,"column":4},"end":{"line":302,"column":18}},"loc":{"start":{"line":302,"column":34},"end":{"line":307,"column":5}}},"18":{"name":"(anonymous_19)","decl":{"start":{"line":309,"column":4},"end":{"line":309,"column":23}},"loc":{"start":{"line":309,"column":39},"end":{"line":316,"column":5}}},"19":{"name":"(anonymous_20)","decl":{"start":{"line":318,"column":12},"end":{"line":318,"column":30}},"loc":{"start":{"line":318,"column":50},"end":{"line":330,"column":5}}},"20":{"name":"(anonymous_21)","decl":{"start":{"line":332,"column":10},"end":{"line":332,"column":21}},"loc":{"start":{"line":332,"column":21},"end":{"line":380,"column":null}}},"21":{"name":"(anonymous_23)","decl":{"start":{"line":382,"column":10},"end":{"line":382,"column":27}},"loc":{"start":{"line":382,"column":41},"end":{"line":467,"column":null}}},"22":{"name":"(anonymous_25)","decl":{"start":{"line":395,"column":24},"end":{"line":395,"column":28}},"loc":{"start":{"line":395,"column":32},"end":{"line":395,"column":79}}},"23":{"name":"(anonymous_26)","decl":{"start":{"line":396,"column":21},"end":{"line":396,"column":25}},"loc":{"start":{"line":396,"column":29},"end":{"line":396,"column":57}}},"24":{"name":"(anonymous_27)","decl":{"start":{"line":411,"column":89},"end":{"line":411,"column":90}},"loc":{"start":{"line":411,"column":95},"end":{"line":416,"column":14}}},"25":{"name":"(anonymous_28)","decl":{"start":{"line":469,"column":10},"end":{"line":469,"column":26}},"loc":{"start":{"line":469,"column":66},"end":{"line":498,"column":null}}},"26":{"name":"(anonymous_30)","decl":{"start":{"line":485,"column":108},"end":{"line":485,"column":109}},"loc":{"start":{"line":485,"column":113},"end":{"line":485,"column":138}}},"27":{"name":"(anonymous_31)","decl":{"start":{"line":501,"column":10},"end":{"line":501,"column":19}},"loc":{"start":{"line":501,"column":19},"end":{"line":532,"column":null}}}},"branchMap":{"0":{"loc":{"start":{"line":46,"column":4},"end":{"line":49,"column":null}},"type":"if","locations":[{"start":{"line":46,"column":4},"end":{"line":49,"column":null}}]},"1":{"loc":{"start":{"line":52,"column":4},"end":{"line":57,"column":null}},"type":"if","locations":[{"start":{"line":52,"column":4},"end":{"line":57,"column":null}}]},"2":{"loc":{"start":{"line":100,"column":20},"end":{"line":102,"column":null}},"type":"if","locations":[{"start":{"line":100,"column":20},"end":{"line":102,"column":null}}]},"3":{"loc":{"start":{"line":104,"column":20},"end":{"line":110,"column":null}},"type":"if","locations":[{"start":{"line":104,"column":20},"end":{"line":110,"column":null}},{"start":{"line":107,"column":27},"end":{"line":110,"column":null}}]},"4":{"loc":{"start":{"line":114,"column":16},"end":{"line":121,"column":null}},"type":"if","locations":[{"start":{"line":114,"column":16},"end":{"line":121,"column":null}},{"start":{"line":119,"column":23},"end":{"line":121,"column":null}}]},"5":{"loc":{"start":{"line":114,"column":20},"end":{"line":114,"column":61}},"type":"binary-expr","locations":[{"start":{"line":114,"column":20},"end":{"line":114,"column":37}},{"start":{"line":114,"column":41},"end":{"line":114,"column":61}}]},"6":{"loc":{"start":{"line":153,"column":8},"end":{"line":155,"column":null}},"type":"if","locations":[{"start":{"line":153,"column":8},"end":{"line":155,"column":null}}]},"7":{"loc":{"start":{"line":180,"column":12},"end":{"line":183,"column":null}},"type":"if","locations":[{"start":{"line":180,"column":12},"end":{"line":183,"column":null}}]},"8":{"loc":{"start":{"line":180,"column":16},"end":{"line":180,"column":70}},"type":"binary-expr","locations":[{"start":{"line":180,"column":16},"end":{"line":180,"column":33}},{"start":{"line":180,"column":37},"end":{"line":180,"column":48}},{"start":{"line":180,"column":52},"end":{"line":180,"column":70}}]},"9":{"loc":{"start":{"line":208,"column":8},"end":{"line":224,"column":null}},"type":"if","locations":[{"start":{"line":208,"column":8},"end":{"line":224,"column":null}}]},"10":{"loc":{"start":{"line":255,"column":64},"end":{"line":255,"column":102}},"type":"cond-expr","locations":[{"start":{"line":255,"column":92},"end":{"line":255,"column":97}},{"start":{"line":255,"column":100},"end":{"line":255,"column":102}}]},"11":{"loc":{"start":{"line":269,"column":8},"end":{"line":271,"column":null}},"type":"if","locations":[{"start":{"line":269,"column":8},"end":{"line":271,"column":null}}]},"12":{"loc":{"start":{"line":274,"column":8},"end":{"line":276,"column":null}},"type":"if","locations":[{"start":{"line":274,"column":8},"end":{"line":276,"column":null}}]},"13":{"loc":{"start":{"line":279,"column":8},"end":{"line":281,"column":null}},"type":"if","locations":[{"start":{"line":279,"column":8},"end":{"line":281,"column":null}}]},"14":{"loc":{"start":{"line":284,"column":8},"end":{"line":286,"column":null}},"type":"if","locations":[{"start":{"line":284,"column":8},"end":{"line":286,"column":null}}]},"15":{"loc":{"start":{"line":288,"column":8},"end":{"line":291,"column":null}},"type":"if","locations":[{"start":{"line":288,"column":8},"end":{"line":291,"column":null}}]},"16":{"loc":{"start":{"line":293,"column":8},"end":{"line":296,"column":null}},"type":"if","locations":[{"start":{"line":293,"column":8},"end":{"line":296,"column":null}}]},"17":{"loc":{"start":{"line":321,"column":8},"end":{"line":329,"column":null}},"type":"if","locations":[{"start":{"line":321,"column":8},"end":{"line":329,"column":null}},{"start":{"line":325,"column":15},"end":{"line":329,"column":null}}]},"18":{"loc":{"start":{"line":334,"column":8},"end":{"line":334,"column":50}},"type":"if","locations":[{"start":{"line":334,"column":8},"end":{"line":334,"column":50}}]},"19":{"loc":{"start":{"line":334,"column":12},"end":{"line":334,"column":41}},"type":"binary-expr","locations":[{"start":{"line":334,"column":12},"end":{"line":334,"column":20}},{"start":{"line":334,"column":24},"end":{"line":334,"column":41}}]},"20":{"loc":{"start":{"line":351,"column":12},"end":{"line":354,"column":null}},"type":"if","locations":[{"start":{"line":351,"column":12},"end":{"line":354,"column":null}}]},"21":{"loc":{"start":{"line":357,"column":12},"end":{"line":359,"column":null}},"type":"if","locations":[{"start":{"line":357,"column":12},"end":{"line":359,"column":null}}]},"22":{"loc":{"start":{"line":357,"column":16},"end":{"line":357,"column":81}},"type":"binary-expr","locations":[{"start":{"line":357,"column":16},"end":{"line":357,"column":33}},{"start":{"line":357,"column":37},"end":{"line":357,"column":57}},{"start":{"line":357,"column":61},"end":{"line":357,"column":81}}]},"23":{"loc":{"start":{"line":371,"column":12},"end":{"line":374,"column":null}},"type":"if","locations":[{"start":{"line":371,"column":12},"end":{"line":374,"column":null}}]},"24":{"loc":{"start":{"line":395,"column":32},"end":{"line":395,"column":79}},"type":"binary-expr","locations":[{"start":{"line":395,"column":32},"end":{"line":395,"column":48}},{"start":{"line":395,"column":52},"end":{"line":395,"column":79}}]},"25":{"loc":{"start":{"line":401,"column":25},"end":{"line":401,"column":60}},"type":"cond-expr","locations":[{"start":{"line":401,"column":38},"end":{"line":401,"column":48}},{"start":{"line":401,"column":51},"end":{"line":401,"column":60}}]},"26":{"loc":{"start":{"line":423,"column":16},"end":{"line":426,"column":null}},"type":"if","locations":[{"start":{"line":423,"column":16},"end":{"line":426,"column":null}}]},"27":{"loc":{"start":{"line":430,"column":16},"end":{"line":433,"column":null}},"type":"if","locations":[{"start":{"line":430,"column":16},"end":{"line":433,"column":null}}]},"28":{"loc":{"start":{"line":430,"column":20},"end":{"line":430,"column":53}},"type":"binary-expr","locations":[{"start":{"line":430,"column":20},"end":{"line":430,"column":25}},{"start":{"line":430,"column":29},"end":{"line":430,"column":53}}]},"29":{"loc":{"start":{"line":471,"column":8},"end":{"line":473,"column":null}},"type":"if","locations":[{"start":{"line":471,"column":8},"end":{"line":473,"column":null}}]},"30":{"loc":{"start":{"line":503,"column":8},"end":{"line":506,"column":null}},"type":"if","locations":[{"start":{"line":503,"column":8},"end":{"line":506,"column":null}}]},"31":{"loc":{"start":{"line":503,"column":12},"end":{"line":503,"column":53}},"type":"binary-expr","locations":[{"start":{"line":503,"column":12},"end":{"line":503,"column":29}},{"start":{"line":503,"column":33},"end":{"line":503,"column":53}}]},"32":{"loc":{"start":{"line":529,"column":8},"end":{"line":531,"column":null}},"type":"if","locations":[{"start":{"line":529,"column":8},"end":{"line":531,"column":null}}]}},"s":{"0":1,"1":1,"2":1,"3":1,"4":1,"5":1,"6":1,"7":0,"8":0,"9":0,"10":0,"11":0,"12":0,"13":0,"14":0,"15":1,"16":11,"17":11,"18":11,"19":11,"20":11,"21":11,"22":11,"23":11,"24":11,"25":11,"26":11,"27":11,"28":11,"29":11,"30":11,"31":11,"32":11,"33":11,"34":11,"35":0,"36":11,"37":0,"38":0,"39":11,"40":11,"41":11,"42":0,"43":0,"44":0,"45":0,"46":0,"47":0,"48":0,"49":0,"50":0,"51":0,"52":0,"53":0,"54":0,"55":0,"56":0,"57":0,"58":0,"59":0,"60":0,"61":0,"62":0,"63":0,"64":0,"65":0,"66":0,"67":0,"68":0,"69":0,"70":0,"71":0,"72":0,"73":0,"74":0,"75":0,"76":0,"77":0,"78":0,"79":5,"80":5,"81":3,"82":3,"83":3,"84":3,"85":3,"86":3,"87":3,"88":3,"89":2,"90":0,"91":2,"92":2,"93":2,"94":2,"95":2,"96":2,"97":2,"98":2,"99":2,"100":2,"101":2,"102":2,"103":2,"104":2,"105":2,"106":2,"107":0,"108":2,"109":2,"110":2,"111":2,"112":0,"113":0,"114":0,"115":0,"116":0,"117":0,"118":0,"119":0,"120":0,"121":0,"122":0,"123":0,"124":0,"125":0,"126":0,"127":0,"128":0,"129":3,"130":3,"131":3,"132":3,"133":4,"134":4,"135":4,"136":4,"137":4,"138":4,"139":1,"140":1,"141":1,"142":0,"143":0,"144":0,"145":1,"146":1,"147":1,"148":1,"149":1,"150":1,"151":0,"152":0,"153":0,"154":0,"155":0,"156":0,"157":0,"158":0,"159":0,"160":0,"161":0,"162":0,"163":0,"164":0,"165":0,"166":0,"167":0,"168":0,"169":0,"170":0,"171":0,"172":0,"173":0,"174":0,"175":0,"176":0,"177":0,"178":0,"179":0,"180":0,"181":0,"182":0,"183":0,"184":0,"185":0,"186":0,"187":0,"188":0,"189":0,"190":0,"191":0,"192":0,"193":0,"194":0,"195":0,"196":0,"197":0,"198":0,"199":0,"200":0,"201":0,"202":0,"203":0,"204":0,"205":0,"206":0,"207":0,"208":0,"209":0,"210":0,"211":0,"212":0,"213":0,"214":0,"215":0,"216":1,"217":0,"218":0,"219":1,"220":1,"221":1,"222":1,"223":1,"224":1,"225":1,"226":1,"227":1,"228":1,"229":1,"230":0,"231":1},"f":{"0":0,"1":11,"2":11,"3":11,"4":11,"5":0,"6":0,"7":0,"8":0,"9":0,"10":0,"11":0,"12":0,"13":5,"14":0,"15":0,"16":2,"17":3,"18":4,"19":1,"20":1,"21":0,"22":0,"23":0,"24":0,"25":0,"26":0,"27":1},"b":{"0":[0],"1":[0],"2":[0],"3":[0,11],"4":[0,0],"5":[0,0],"6":[0],"7":[0],"8":[0,0,0],"9":[3],"10":[0,2],"11":[2],"12":[0],"13":[0],"14":[0],"15":[0],"16":[0],"17":[0,1],"18":[1],"19":[1,0],"20":[0],"21":[0],"22":[0,0,0],"23":[0],"24":[0,0],"25":[0,0],"26":[0],"27":[0],"28":[0,0],"29":[0],"30":[0],"31":[1,0],"32":[0]}}
,"/Users/davidconnolly/workspace/ObsidianDev/.obsidian/plugins/obsidian-ai-helper/src/fileUpdateManager.ts": {"path":"/Users/davidconnolly/workspace/ObsidianDev/.obsidian/plugins/obsidian-ai-helper/src/fileUpdateManager.ts","statementMap":{"0":{"start":{"line":2,"column":0},"end":{"line":2,"column":45}},"1":{"start":{"line":3,"column":0},"end":{"line":3,"column":113}},"2":{"start":{"line":4,"column":0},"end":{"line":4,"column":38}},"3":{"start":{"line":5,"column":0},"end":{"line":5,"column":34}},"4":{"start":{"line":13,"column":32},"end":{"line":13,"column":36}},"5":{"start":{"line":14,"column":38},"end":{"line":14,"column":42}},"6":{"start":{"line":17,"column":2},"end":{"line":17,"column":19}},"7":{"start":{"line":18,"column":2},"end":{"line":21,"column":null}},"8":{"start":{"line":19,"column":3},"end":{"line":19,"column":21}},"9":{"start":{"line":20,"column":3},"end":{"line":20,"column":19}},"10":{"start":{"line":24,"column":19},"end":{"line":39,"column":2}},"11":{"start":{"line":25,"column":2},"end":{"line":25,"column":18}},"12":{"start":{"line":26,"column":18},"end":{"line":26,"column":41}},"13":{"start":{"line":28,"column":2},"end":{"line":31,"column":null}},"14":{"start":{"line":29,"column":3},"end":{"line":29,"column":34}},"15":{"start":{"line":30,"column":3},"end":{"line":30,"column":20}},"16":{"start":{"line":33,"column":2},"end":{"line":33,"column":45}},"17":{"start":{"line":35,"column":2},"end":{"line":38,"column":null}},"18":{"start":{"line":36,"column":3},"end":{"line":36,"column":17}},"19":{"start":{"line":37,"column":3},"end":{"line":37,"column":19}},"20":{"start":{"line":41,"column":1},"end":{"line":51,"column":3}},"21":{"start":{"line":42,"column":2},"end":{"line":50,"column":null}},"22":{"start":{"line":43,"column":3},"end":{"line":43,"column":34}},"23":{"start":{"line":44,"column":3},"end":{"line":44,"column":20}},"24":{"start":{"line":46,"column":3},"end":{"line":49,"column":null}},"25":{"start":{"line":47,"column":4},"end":{"line":47,"column":22}},"26":{"start":{"line":48,"column":4},"end":{"line":48,"column":20}},"27":{"start":{"line":53,"column":1},"end":{"line":53,"column":18}},"28":{"start":{"line":59,"column":8},"end":{"line":59,"column":55}},"29":{"start":{"line":63,"column":2},"end":{"line":63,"column":27}},"30":{"start":{"line":64,"column":2},"end":{"line":64,"column":17}},"31":{"start":{"line":65,"column":2},"end":{"line":68,"column":4}},"32":{"start":{"line":72,"column":14},"end":{"line":72,"column":24}},"33":{"start":{"line":73,"column":34},"end":{"line":73,"column":36}},"34":{"start":{"line":75,"column":2},"end":{"line":75,"column":96}},"35":{"start":{"line":76,"column":2},"end":{"line":76,"column":92}},"36":{"start":{"line":79,"column":2},"end":{"line":116,"column":null}},"37":{"start":{"line":81,"column":25},"end":{"line":81,"column":65}},"38":{"start":{"line":83,"column":3},"end":{"line":92,"column":6}},"39":{"start":{"line":84,"column":18},"end":{"line":84,"column":33}},"40":{"start":{"line":85,"column":25},"end":{"line":85,"column":29}},"41":{"start":{"line":87,"column":4},"end":{"line":87,"column":116}},"42":{"start":{"line":89,"column":4},"end":{"line":91,"column":null}},"43":{"start":{"line":90,"column":5},"end":{"line":90,"column":30}},"44":{"start":{"line":95,"column":3},"end":{"line":113,"column":null}},"45":{"start":{"line":96,"column":4},"end":{"line":96,"column":125}},"46":{"start":{"line":99,"column":4},"end":{"line":110,"column":8}},"47":{"start":{"line":99,"column":53},"end":{"line":110,"column":6}},"48":{"start":{"line":101,"column":5},"end":{"line":101,"column":37}},"49":{"start":{"line":104,"column":18},"end":{"line":104,"column":60}},"50":{"start":{"line":105,"column":5},"end":{"line":109,"column":null}},"51":{"start":{"line":106,"column":6},"end":{"line":106,"column":35}},"52":{"start":{"line":108,"column":6},"end":{"line":108,"column":65}},"53":{"start":{"line":112,"column":4},"end":{"line":112,"column":67}},"54":{"start":{"line":115,"column":3},"end":{"line":115,"column":57}},"55":{"start":{"line":121,"column":2},"end":{"line":126,"column":null}},"56":{"start":{"line":122,"column":3},"end":{"line":122,"column":110}},"57":{"start":{"line":124,"column":3},"end":{"line":124,"column":49}},"58":{"start":{"line":125,"column":3},"end":{"line":125,"column":10}},"59":{"start":{"line":128,"column":2},"end":{"line":131,"column":null}},"60":{"start":{"line":129,"column":3},"end":{"line":129,"column":93}},"61":{"start":{"line":130,"column":3},"end":{"line":130,"column":10}},"62":{"start":{"line":133,"column":2},"end":{"line":165,"column":null}},"63":{"start":{"line":134,"column":3},"end":{"line":134,"column":69}},"64":{"start":{"line":135,"column":19},"end":{"line":135,"column":56}},"65":{"start":{"line":138,"column":3},"end":{"line":141,"column":null}},"66":{"start":{"line":139,"column":4},"end":{"line":139,"column":133}},"67":{"start":{"line":140,"column":4},"end":{"line":140,"column":11}},"68":{"start":{"line":144,"column":3},"end":{"line":149,"column":null}},"69":{"start":{"line":145,"column":4},"end":{"line":145,"column":89}},"70":{"start":{"line":146,"column":4},"end":{"line":146,"column":47}},"71":{"start":{"line":148,"column":4},"end":{"line":148,"column":94}},"72":{"start":{"line":152,"column":3},"end":{"line":152,"column":53}},"73":{"start":{"line":155,"column":3},"end":{"line":155,"column":43}},"74":{"start":{"line":157,"column":3},"end":{"line":157,"column":72}},"75":{"start":{"line":160,"column":3},"end":{"line":162,"column":null}},"76":{"start":{"line":161,"column":4},"end":{"line":161,"column":48}},"77":{"start":{"line":164,"column":3},"end":{"line":164,"column":57}},"78":{"start":{"line":170,"column":2},"end":{"line":170,"column":58}},"79":{"start":{"line":172,"column":2},"end":{"line":176,"column":null}},"80":{"start":{"line":174,"column":3},"end":{"line":174,"column":96}},"81":{"start":{"line":175,"column":3},"end":{"line":175,"column":10}},"82":{"start":{"line":179,"column":16},"end":{"line":179,"column":49}},"83":{"start":{"line":180,"column":2},"end":{"line":180,"column":75}},"84":{"start":{"line":182,"column":2},"end":{"line":185,"column":null}},"85":{"start":{"line":183,"column":3},"end":{"line":183,"column":56}},"86":{"start":{"line":184,"column":3},"end":{"line":184,"column":10}},"87":{"start":{"line":188,"column":25},"end":{"line":188,"column":42}},"88":{"start":{"line":189,"column":26},"end":{"line":189,"column":61}},"89":{"start":{"line":190,"column":2},"end":{"line":190,"column":63}},"90":{"start":{"line":193,"column":23},"end":{"line":193,"column":24}},"91":{"start":{"line":194,"column":23},"end":{"line":227,"column":3}},"92":{"start":{"line":195,"column":3},"end":{"line":226,"column":6}},"93":{"start":{"line":195,"column":40},"end":{"line":212,"column":5}},"94":{"start":{"line":196,"column":4},"end":{"line":211,"column":null}},"95":{"start":{"line":197,"column":21},"end":{"line":197,"column":58}},"96":{"start":{"line":200,"column":5},"end":{"line":204,"column":null}},"97":{"start":{"line":201,"column":6},"end":{"line":201,"column":135}},"98":{"start":{"line":202,"column":6},"end":{"line":202,"column":23}},"99":{"start":{"line":203,"column":6},"end":{"line":203,"column":13}},"100":{"start":{"line":206,"column":5},"end":{"line":206,"column":56}},"101":{"start":{"line":207,"column":5},"end":{"line":207,"column":22}},"102":{"start":{"line":209,"column":5},"end":{"line":209,"column":57}},"103":{"start":{"line":210,"column":5},"end":{"line":210,"column":22}},"104":{"start":{"line":214,"column":4},"end":{"line":214,"column":81}},"105":{"start":{"line":217,"column":27},"end":{"line":217,"column":52}},"106":{"start":{"line":218,"column":4},"end":{"line":225,"column":null}},"107":{"start":{"line":219,"column":23},"end":{"line":219,"column":71}},"108":{"start":{"line":220,"column":5},"end":{"line":220,"column":67}},"109":{"start":{"line":220,"column":22},"end":{"line":220,"column":61}},"110":{"start":{"line":223,"column":5},"end":{"line":223,"column":27}},"111":{"start":{"line":224,"column":5},"end":{"line":224,"column":82}},"112":{"start":{"line":230,"column":21},"end":{"line":230,"column":39}},"113":{"start":{"line":231,"column":2},"end":{"line":231,"column":30}},"114":{"start":{"line":236,"column":2},"end":{"line":239,"column":null}},"115":{"start":{"line":237,"column":3},"end":{"line":237,"column":84}},"116":{"start":{"line":238,"column":3},"end":{"line":238,"column":10}},"117":{"start":{"line":241,"column":2},"end":{"line":246,"column":null}},"118":{"start":{"line":242,"column":3},"end":{"line":242,"column":45}},"119":{"start":{"line":243,"column":3},"end":{"line":243,"column":74}},"120":{"start":{"line":245,"column":3},"end":{"line":245,"column":65}},"121":{"start":{"line":252,"column":22},"end":{"line":252,"column":52}},"122":{"start":{"line":255,"column":2},"end":{"line":300,"column":58}},"123":{"start":{"line":256,"column":15},"end":{"line":256,"column":25}},"124":{"start":{"line":257,"column":35},"end":{"line":257,"column":37}},"125":{"start":{"line":259,"column":3},"end":{"line":259,"column":97}},"126":{"start":{"line":260,"column":3},"end":{"line":260,"column":93}},"127":{"start":{"line":263,"column":3},"end":{"line":299,"column":null}},"128":{"start":{"line":265,"column":26},"end":{"line":265,"column":66}},"129":{"start":{"line":267,"column":4},"end":{"line":276,"column":7}},"130":{"start":{"line":268,"column":19},"end":{"line":268,"column":34}},"131":{"start":{"line":269,"column":26},"end":{"line":269,"column":30}},"132":{"start":{"line":271,"column":5},"end":{"line":271,"column":117}},"133":{"start":{"line":273,"column":5},"end":{"line":275,"column":null}},"134":{"start":{"line":274,"column":6},"end":{"line":274,"column":31}},"135":{"start":{"line":279,"column":4},"end":{"line":296,"column":null}},"136":{"start":{"line":280,"column":5},"end":{"line":280,"column":126}},"137":{"start":{"line":282,"column":5},"end":{"line":293,"column":8}},"138":{"start":{"line":284,"column":6},"end":{"line":284,"column":38}},"139":{"start":{"line":287,"column":19},"end":{"line":287,"column":61}},"140":{"start":{"line":288,"column":6},"end":{"line":292,"column":null}},"141":{"start":{"line":289,"column":7},"end":{"line":289,"column":30}},"142":{"start":{"line":291,"column":7},"end":{"line":291,"column":66}},"143":{"start":{"line":295,"column":5},"end":{"line":295,"column":68}},"144":{"start":{"line":298,"column":4},"end":{"line":298,"column":58}},"145":{"start":{"line":303,"column":2},"end":{"line":303,"column":23}},"146":{"start":{"line":308,"column":2},"end":{"line":308,"column":72}},"147":{"start":{"line":314,"column":2},"end":{"line":314,"column":67}},"148":{"start":{"line":56,"column":0},"end":{"line":56,"column":13}}},"fnMap":{"0":{"name":"createDebounce","decl":{"start":{"line":8,"column":9},"end":{"line":8,"column":23}},"loc":{"start":{"line":11,"column":18},"end":{"line":54,"column":1}}},"1":{"name":"later","decl":{"start":{"line":16,"column":10},"end":{"line":16,"column":15}},"loc":{"start":{"line":16,"column":15},"end":{"line":22,"column":2}}},"2":{"name":"(anonymous_2)","decl":{"start":{"line":24,"column":19},"end":{"line":24,"column":28}},"loc":{"start":{"line":24,"column":50},"end":{"line":39,"column":2}}},"3":{"name":"(anonymous_3)","decl":{"start":{"line":41,"column":19},"end":{"line":41,"column":null}},"loc":{"start":{"line":41,"column":19},"end":{"line":51,"column":2}}},"4":{"name":"(anonymous_4)","decl":{"start":{"line":62,"column":1},"end":{"line":62,"column":13}},"loc":{"start":{"line":62,"column":41},"end":{"line":69,"column":2}}},"5":{"name":"(anonymous_5)","decl":{"start":{"line":71,"column":15},"end":{"line":71,"column":36}},"loc":{"start":{"line":71,"column":36},"end":{"line":117,"column":null}}},"6":{"name":"(anonymous_7)","decl":{"start":{"line":83,"column":30},"end":{"line":83,"column":31}},"loc":{"start":{"line":83,"column":50},"end":{"line":92,"column":4}}},"7":{"name":"(anonymous_8)","decl":{"start":{"line":99,"column":40},"end":{"line":99,"column":46}},"loc":{"start":{"line":99,"column":53},"end":{"line":110,"column":6}}},"8":{"name":"(anonymous_9)","decl":{"start":{"line":99,"column":53},"end":{"line":99,"column":null}},"loc":{"start":{"line":99,"column":53},"end":{"line":110,"column":5}}},"9":{"name":"(anonymous_10)","decl":{"start":{"line":120,"column":7},"end":{"line":120,"column":18}},"loc":{"start":{"line":120,"column":30},"end":{"line":166,"column":null}}},"10":{"name":"(anonymous_12)","decl":{"start":{"line":169,"column":1},"end":{"line":169,"column":17}},"loc":{"start":{"line":169,"column":17},"end":{"line":232,"column":2}}},"11":{"name":"(anonymous_13)","decl":{"start":{"line":194,"column":23},"end":{"line":194,"column":24}},"loc":{"start":{"line":194,"column":62},"end":{"line":227,"column":3}}},"12":{"name":"(anonymous_14)","decl":{"start":{"line":195,"column":25},"end":{"line":195,"column":32}},"loc":{"start":{"line":195,"column":40},"end":{"line":212,"column":5}}},"13":{"name":"(anonymous_15)","decl":{"start":{"line":195,"column":40},"end":{"line":195,"column":null}},"loc":{"start":{"line":195,"column":40},"end":{"line":212,"column":4}}},"14":{"name":"(anonymous_16)","decl":{"start":{"line":212,"column":12},"end":{"line":212,"column":15}},"loc":{"start":{"line":212,"column":17},"end":{"line":226,"column":4}}},"15":{"name":"(anonymous_17)","decl":{"start":{"line":220,"column":16},"end":{"line":220,"column":19}},"loc":{"start":{"line":220,"column":22},"end":{"line":220,"column":61}}},"16":{"name":"(anonymous_18)","decl":{"start":{"line":235,"column":7},"end":{"line":235,"column":26}},"loc":{"start":{"line":235,"column":43},"end":{"line":247,"column":null}}},"17":{"name":"(anonymous_20)","decl":{"start":{"line":250,"column":1},"end":{"line":250,"column":23}},"loc":{"start":{"line":250,"column":23},"end":{"line":304,"column":2}}},"18":{"name":"(anonymous_21)","decl":{"start":{"line":255,"column":50},"end":{"line":255,"column":53}},"loc":{"start":{"line":255,"column":55},"end":{"line":300,"column":3}}},"19":{"name":"(anonymous_22)","decl":{"start":{"line":267,"column":31},"end":{"line":267,"column":32}},"loc":{"start":{"line":267,"column":51},"end":{"line":276,"column":5}}},"20":{"name":"(anonymous_23)","decl":{"start":{"line":282,"column":27},"end":{"line":282,"column":31}},"loc":{"start":{"line":282,"column":34},"end":{"line":293,"column":6}}},"21":{"name":"(anonymous_24)","decl":{"start":{"line":307,"column":1},"end":{"line":307,"column":28}},"loc":{"start":{"line":307,"column":28},"end":{"line":309,"column":2}}},"22":{"name":"(anonymous_25)","decl":{"start":{"line":312,"column":1},"end":{"line":312,"column":25}},"loc":{"start":{"line":312,"column":25},"end":{"line":315,"column":2}}}},"branchMap":{"0":{"loc":{"start":{"line":11,"column":1},"end":{"line":11,"column":18}},"type":"default-arg","locations":[{"start":{"line":11,"column":13},"end":{"line":11,"column":18}}]},"1":{"loc":{"start":{"line":18,"column":2},"end":{"line":21,"column":null}},"type":"if","locations":[{"start":{"line":18,"column":2},"end":{"line":21,"column":null}}]},"2":{"loc":{"start":{"line":18,"column":6},"end":{"line":18,"column":28}},"type":"binary-expr","locations":[{"start":{"line":18,"column":6},"end":{"line":18,"column":16}},{"start":{"line":18,"column":20},"end":{"line":18,"column":28}}]},"3":{"loc":{"start":{"line":26,"column":18},"end":{"line":26,"column":41}},"type":"binary-expr","locations":[{"start":{"line":26,"column":18},"end":{"line":26,"column":27}},{"start":{"line":26,"column":31},"end":{"line":26,"column":41}}]},"4":{"loc":{"start":{"line":28,"column":2},"end":{"line":31,"column":null}},"type":"if","locations":[{"start":{"line":28,"column":2},"end":{"line":31,"column":null}}]},"5":{"loc":{"start":{"line":35,"column":2},"end":{"line":38,"column":null}},"type":"if","locations":[{"start":{"line":35,"column":2},"end":{"line":38,"column":null}}]},"6":{"loc":{"start":{"line":42,"column":2},"end":{"line":50,"column":null}},"type":"if","locations":[{"start":{"line":42,"column":2},"end":{"line":50,"column":null}}]},"7":{"loc":{"start":{"line":46,"column":3},"end":{"line":49,"column":null}},"type":"if","locations":[{"start":{"line":46,"column":3},"end":{"line":49,"column":null}}]},"8":{"loc":{"start":{"line":79,"column":2},"end":{"line":116,"column":null}},"type":"if","locations":[{"start":{"line":79,"column":2},"end":{"line":116,"column":null}},{"start":{"line":114,"column":9},"end":{"line":116,"column":null}}]},"9":{"loc":{"start":{"line":89,"column":4},"end":{"line":91,"column":null}},"type":"if","locations":[{"start":{"line":89,"column":4},"end":{"line":91,"column":null}}]},"10":{"loc":{"start":{"line":95,"column":3},"end":{"line":113,"column":null}},"type":"if","locations":[{"start":{"line":95,"column":3},"end":{"line":113,"column":null}},{"start":{"line":111,"column":10},"end":{"line":113,"column":null}}]},"11":{"loc":{"start":{"line":105,"column":5},"end":{"line":109,"column":null}},"type":"if","locations":[{"start":{"line":105,"column":5},"end":{"line":109,"column":null}},{"start":{"line":107,"column":12},"end":{"line":109,"column":null}}]},"12":{"loc":{"start":{"line":105,"column":9},"end":{"line":105,"column":57}},"type":"binary-expr","locations":[{"start":{"line":105,"column":9},"end":{"line":105,"column":30}},{"start":{"line":105,"column":34},"end":{"line":105,"column":57}}]},"13":{"loc":{"start":{"line":121,"column":2},"end":{"line":126,"column":null}},"type":"if","locations":[{"start":{"line":121,"column":2},"end":{"line":126,"column":null}}]},"14":{"loc":{"start":{"line":128,"column":2},"end":{"line":131,"column":null}},"type":"if","locations":[{"start":{"line":128,"column":2},"end":{"line":131,"column":null}}]},"15":{"loc":{"start":{"line":138,"column":3},"end":{"line":141,"column":null}},"type":"if","locations":[{"start":{"line":138,"column":3},"end":{"line":141,"column":null}}]},"16":{"loc":{"start":{"line":138,"column":7},"end":{"line":138,"column":45}},"type":"binary-expr","locations":[{"start":{"line":138,"column":7},"end":{"line":138,"column":15}},{"start":{"line":138,"column":19},"end":{"line":138,"column":45}}]},"17":{"loc":{"start":{"line":160,"column":3},"end":{"line":162,"column":null}},"type":"if","locations":[{"start":{"line":160,"column":3},"end":{"line":162,"column":null}}]},"18":{"loc":{"start":{"line":172,"column":2},"end":{"line":176,"column":null}},"type":"if","locations":[{"start":{"line":172,"column":2},"end":{"line":176,"column":null}}]},"19":{"loc":{"start":{"line":182,"column":2},"end":{"line":185,"column":null}},"type":"if","locations":[{"start":{"line":182,"column":2},"end":{"line":185,"column":null}}]},"20":{"loc":{"start":{"line":200,"column":5},"end":{"line":204,"column":null}},"type":"if","locations":[{"start":{"line":200,"column":5},"end":{"line":204,"column":null}}]},"21":{"loc":{"start":{"line":200,"column":9},"end":{"line":200,"column":47}},"type":"binary-expr","locations":[{"start":{"line":200,"column":9},"end":{"line":200,"column":17}},{"start":{"line":200,"column":21},"end":{"line":200,"column":47}}]},"22":{"loc":{"start":{"line":206,"column":11},"end":{"line":206,"column":55}},"type":"cond-expr","locations":[{"start":{"line":206,"column":31},"end":{"line":206,"column":33}},{"start":{"line":206,"column":11},"end":{"line":206,"column":55}}]},"23":{"loc":{"start":{"line":206,"column":11},"end":{"line":206,"column":33}},"type":"binary-expr","locations":[{"start":{"line":206,"column":11},"end":{"line":206,"column":33}},{"start":{"line":206,"column":11},"end":{"line":206,"column":33}}]},"24":{"loc":{"start":{"line":218,"column":4},"end":{"line":225,"column":null}},"type":"if","locations":[{"start":{"line":218,"column":4},"end":{"line":225,"column":null}},{"start":{"line":221,"column":11},"end":{"line":225,"column":null}}]},"25":{"loc":{"start":{"line":236,"column":2},"end":{"line":239,"column":null}},"type":"if","locations":[{"start":{"line":236,"column":2},"end":{"line":239,"column":null}}]},"26":{"loc":{"start":{"line":263,"column":3},"end":{"line":299,"column":null}},"type":"if","locations":[{"start":{"line":263,"column":3},"end":{"line":299,"column":null}},{"start":{"line":297,"column":10},"end":{"line":299,"column":null}}]},"27":{"loc":{"start":{"line":273,"column":5},"end":{"line":275,"column":null}},"type":"if","locations":[{"start":{"line":273,"column":5},"end":{"line":275,"column":null}}]},"28":{"loc":{"start":{"line":279,"column":4},"end":{"line":296,"column":null}},"type":"if","locations":[{"start":{"line":279,"column":4},"end":{"line":296,"column":null}},{"start":{"line":294,"column":11},"end":{"line":296,"column":null}}]},"29":{"loc":{"start":{"line":288,"column":6},"end":{"line":292,"column":null}},"type":"if","locations":[{"start":{"line":288,"column":6},"end":{"line":292,"column":null}},{"start":{"line":290,"column":13},"end":{"line":292,"column":null}}]},"30":{"loc":{"start":{"line":288,"column":10},"end":{"line":288,"column":58}},"type":"binary-expr","locations":[{"start":{"line":288,"column":10},"end":{"line":288,"column":31}},{"start":{"line":288,"column":35},"end":{"line":288,"column":58}}]},"31":{"loc":{"start":{"line":303,"column":2},"end":{"line":303,"column":22}},"type":"cond-expr","locations":[{"start":{"line":303,"column":13},"end":{"line":303,"column":15}},{"start":{"line":303,"column":2},"end":{"line":303,"column":22}}]},"32":{"loc":{"start":{"line":303,"column":2},"end":{"line":303,"column":15}},"type":"binary-expr","locations":[{"start":{"line":303,"column":2},"end":{"line":303,"column":15}},{"start":{"line":303,"column":2},"end":{"line":303,"column":15}}]},"33":{"loc":{"start":{"line":308,"column":9},"end":{"line":308,"column":71}},"type":"binary-expr","locations":[{"start":{"line":308,"column":9},"end":{"line":308,"column":31}},{"start":{"line":308,"column":35},"end":{"line":308,"column":71}}]}},"s":{"0":1,"1":1,"2":1,"3":1,"4":44,"5":44,"6":0,"7":0,"8":0,"9":0,"10":44,"11":0,"12":0,"13":0,"14":0,"15":0,"16":0,"17":0,"18":0,"19":0,"20":44,"21":9,"22":0,"23":0,"24":0,"25":0,"26":0,"27":44,"28":37,"29":37,"30":37,"31":37,"32":6,"33":6,"34":6,"35":6,"36":6,"37":5,"38":5,"39":5,"40":5,"41":5,"42":5,"43":5,"44":5,"45":5,"46":5,"47":5,"48":5,"49":5,"50":5,"51":0,"52":5,"53":0,"54":1,"55":5,"56":5,"57":5,"58":5,"59":0,"60":0,"61":0,"62":0,"63":0,"64":0,"65":0,"66":0,"67":0,"68":0,"69":0,"70":0,"71":0,"72":0,"73":0,"74":0,"75":0,"76":0,"77":0,"78":5,"79":5,"80":5,"81":5,"82":0,"83":0,"84":0,"85":0,"86":0,"87":0,"88":0,"89":0,"90":0,"91":0,"92":0,"93":0,"94":0,"95":0,"96":0,"97":0,"98":0,"99":0,"100":0,"101":0,"102":0,"103":0,"104":0,"105":0,"106":0,"107":0,"108":0,"109":0,"110":0,"111":0,"112":0,"113":0,"114":1,"115":1,"116":1,"117":0,"118":0,"119":0,"120":0,"121":7,"122":7,"123":0,"124":0,"125":0,"126":0,"127":0,"128":0,"129":0,"130":0,"131":0,"132":0,"133":0,"134":0,"135":0,"136":0,"137":0,"138":0,"139":0,"140":0,"141":0,"142":0,"143":0,"144":0,"145":7,"146":1,"147":4,"148":1},"f":{"0":44,"1":0,"2":0,"3":9,"4":37,"5":6,"6":5,"7":5,"8":5,"9":5,"10":5,"11":0,"12":0,"13":0,"14":0,"15":0,"16":1,"17":7,"18":0,"19":0,"20":0,"21":1,"22":4},"b":{"0":[37],"1":[0],"2":[0,0],"3":[0,0],"4":[0],"5":[0],"6":[0],"7":[0],"8":[5,1],"9":[5],"10":[5,0],"11":[0,5],"12":[5,0],"13":[5],"14":[0],"15":[0],"16":[0,0],"17":[0],"18":[5],"19":[0],"20":[0],"21":[0,0],"22":[0,0],"23":[0,0],"24":[0,0],"25":[1],"26":[0,0],"27":[0],"28":[0,0],"29":[0,0],"30":[0,0],"31":[0,7],"32":[7,7],"33":[1,1]}}
,"/Users/davidconnolly/workspace/ObsidianDev/.obsidian/plugins/obsidian-ai-helper/src/main.ts": {"path":"/Users/davidconnolly/workspace/ObsidianDev/.obsidian/plugins/obsidian-ai-helper/src/main.ts","statementMap":{"0":{"start":{"line":1,"column":0},"end":{"line":1,"column":71}},"1":{"start":{"line":2,"column":0},"end":{"line":2,"column":73}},"2":{"start":{"line":3,"column":0},"end":{"line":3,"column":76}},"3":{"start":{"line":4,"column":0},"end":{"line":4,"column":49}},"4":{"start":{"line":5,"column":0},"end":{"line":5,"column":35}},"5":{"start":{"line":6,"column":0},"end":{"line":6,"column":118}},"6":{"start":{"line":7,"column":0},"end":{"line":7,"column":56}},"7":{"start":{"line":16,"column":2},"end":{"line":16,"column":28}},"8":{"start":{"line":17,"column":2},"end":{"line":17,"column":74}},"9":{"start":{"line":18,"column":2},"end":{"line":18,"column":60}},"10":{"start":{"line":20,"column":2},"end":{"line":23,"column":4}},"11":{"start":{"line":22,"column":13},"end":{"line":22,"column":54}},"12":{"start":{"line":26,"column":2},"end":{"line":32,"column":5}},"13":{"start":{"line":30,"column":4},"end":{"line":30,"column":56}},"14":{"start":{"line":35,"column":2},"end":{"line":41,"column":5}},"15":{"start":{"line":39,"column":4},"end":{"line":39,"column":25}},"16":{"start":{"line":44,"column":2},"end":{"line":50,"column":5}},"17":{"start":{"line":48,"column":4},"end":{"line":48,"column":46}},"18":{"start":{"line":53,"column":2},"end":{"line":61,"column":5}},"19":{"start":{"line":57,"column":4},"end":{"line":57,"column":72}},"20":{"start":{"line":58,"column":4},"end":{"line":58,"column":61}},"21":{"start":{"line":59,"column":4},"end":{"line":59,"column":50}},"22":{"start":{"line":64,"column":2},"end":{"line":66,"column":5}},"23":{"start":{"line":65,"column":3},"end":{"line":65,"column":24}},"24":{"start":{"line":69,"column":2},"end":{"line":69,"column":61}},"25":{"start":{"line":72,"column":2},"end":{"line":83,"column":4}},"26":{"start":{"line":74,"column":4},"end":{"line":81,"column":7}},"27":{"start":{"line":75,"column":5},"end":{"line":80,"column":9}},"28":{"start":{"line":79,"column":7},"end":{"line":79,"column":59}},"29":{"start":{"line":86,"column":2},"end":{"line":198,"column":null}},"30":{"start":{"line":88,"column":3},"end":{"line":95,"column":5}},"31":{"start":{"line":90,"column":5},"end":{"line":93,"column":null}},"32":{"start":{"line":91,"column":6},"end":{"line":91,"column":93}},"33":{"start":{"line":92,"column":6},"end":{"line":92,"column":47}},"34":{"start":{"line":98,"column":3},"end":{"line":106,"column":5}},"35":{"start":{"line":100,"column":5},"end":{"line":104,"column":null}},"36":{"start":{"line":101,"column":6},"end":{"line":101,"column":91}},"37":{"start":{"line":102,"column":6},"end":{"line":102,"column":60}},"38":{"start":{"line":103,"column":6},"end":{"line":103,"column":43}},"39":{"start":{"line":109,"column":3},"end":{"line":124,"column":5}},"40":{"start":{"line":111,"column":5},"end":{"line":122,"column":null}},"41":{"start":{"line":112,"column":6},"end":{"line":112,"column":104}},"42":{"start":{"line":113,"column":6},"end":{"line":113,"column":58}},"43":{"start":{"line":114,"column":6},"end":{"line":114,"column":47}},"44":{"start":{"line":117,"column":6},"end":{"line":121,"column":null}},"45":{"start":{"line":118,"column":25},"end":{"line":118,"column":56}},"46":{"start":{"line":119,"column":7},"end":{"line":119,"column":42}},"47":{"start":{"line":120,"column":7},"end":{"line":120,"column":66}},"48":{"start":{"line":127,"column":3},"end":{"line":149,"column":5}},"49":{"start":{"line":129,"column":5},"end":{"line":147,"column":null}},"50":{"start":{"line":131,"column":18},"end":{"line":131,"column":28}},"51":{"start":{"line":132,"column":6},"end":{"line":132,"column":102}},"52":{"start":{"line":135,"column":33},"end":{"line":135,"column":66}},"53":{"start":{"line":136,"column":6},"end":{"line":136,"column":45}},"54":{"start":{"line":138,"column":6},"end":{"line":142,"column":null}},"55":{"start":{"line":139,"column":7},"end":{"line":139,"column":92}},"56":{"start":{"line":141,"column":7},"end":{"line":141,"column":85}},"57":{"start":{"line":145,"column":6},"end":{"line":145,"column":57}},"58":{"start":{"line":146,"column":6},"end":{"line":146,"column":141}},"59":{"start":{"line":153,"column":25},"end":{"line":153,"column":74}},"60":{"start":{"line":154,"column":3},"end":{"line":154,"column":85}},"61":{"start":{"line":156,"column":3},"end":{"line":174,"column":5}},"62":{"start":{"line":159,"column":5},"end":{"line":159,"column":93}},"63":{"start":{"line":162,"column":5},"end":{"line":165,"column":null}},"64":{"start":{"line":163,"column":6},"end":{"line":163,"column":93}},"65":{"start":{"line":164,"column":6},"end":{"line":164,"column":13}},"66":{"start":{"line":167,"column":5},"end":{"line":172,"column":null}},"67":{"start":{"line":168,"column":6},"end":{"line":168,"column":106}},"68":{"start":{"line":169,"column":6},"end":{"line":169,"column":63}},"69":{"start":{"line":171,"column":6},"end":{"line":171,"column":60}},"70":{"start":{"line":177,"column":3},"end":{"line":196,"column":5}},"71":{"start":{"line":178,"column":4},"end":{"line":178,"column":93}},"72":{"start":{"line":181,"column":30},"end":{"line":181,"column":66}},"73":{"start":{"line":184,"column":4},"end":{"line":195,"column":null}},"74":{"start":{"line":185,"column":5},"end":{"line":185,"column":144}},"75":{"start":{"line":186,"column":5},"end":{"line":186,"column":32}},"76":{"start":{"line":189,"column":9},"end":{"line":195,"column":null}},"77":{"start":{"line":190,"column":5},"end":{"line":190,"column":128}},"78":{"start":{"line":192,"column":5},"end":{"line":192,"column":62}},"79":{"start":{"line":194,"column":5},"end":{"line":194,"column":97}},"80":{"start":{"line":197,"column":3},"end":{"line":197,"column":91}},"81":{"start":{"line":201,"column":2},"end":{"line":211,"column":5}},"82":{"start":{"line":203,"column":3},"end":{"line":205,"column":null}},"83":{"start":{"line":204,"column":4},"end":{"line":204,"column":55}},"84":{"start":{"line":208,"column":3},"end":{"line":210,"column":null}},"85":{"start":{"line":209,"column":5},"end":{"line":209,"column":26}},"86":{"start":{"line":216,"column":2},"end":{"line":216,"column":59}},"87":{"start":{"line":219,"column":2},"end":{"line":221,"column":null}},"88":{"start":{"line":220,"column":3},"end":{"line":220,"column":94}},"89":{"start":{"line":224,"column":2},"end":{"line":224,"column":59}},"90":{"start":{"line":228,"column":20},"end":{"line":228,"column":41}},"91":{"start":{"line":229,"column":2},"end":{"line":246,"column":4}},"92":{"start":{"line":250,"column":2},"end":{"line":250,"column":37}},"93":{"start":{"line":253,"column":2},"end":{"line":253,"column":50}},"94":{"start":{"line":9,"column":0},"end":{"line":9,"column":21}}},"fnMap":{"0":{"name":"(anonymous_0)","decl":{"start":{"line":15,"column":7},"end":{"line":15,"column":13}},"loc":{"start":{"line":15,"column":13},"end":{"line":212,"column":null}}},"1":{"name":"(anonymous_2)","decl":{"start":{"line":22,"column":3},"end":{"line":22,"column":4}},"loc":{"start":{"line":22,"column":13},"end":{"line":22,"column":54}}},"2":{"name":"(anonymous_3)","decl":{"start":{"line":29,"column":19},"end":{"line":29,"column":20}},"loc":{"start":{"line":29,"column":58},"end":{"line":31,"column":4}}},"3":{"name":"(anonymous_4)","decl":{"start":{"line":38,"column":13},"end":{"line":38,"column":16}},"loc":{"start":{"line":38,"column":18},"end":{"line":40,"column":4}}},"4":{"name":"(anonymous_5)","decl":{"start":{"line":47,"column":13},"end":{"line":47,"column":16}},"loc":{"start":{"line":47,"column":18},"end":{"line":49,"column":4}}},"5":{"name":"(anonymous_6)","decl":{"start":{"line":56,"column":13},"end":{"line":56,"column":16}},"loc":{"start":{"line":56,"column":18},"end":{"line":60,"column":4}}},"6":{"name":"(anonymous_7)","decl":{"start":{"line":64,"column":55},"end":{"line":64,"column":56}},"loc":{"start":{"line":64,"column":75},"end":{"line":66,"column":3}}},"7":{"name":"(anonymous_8)","decl":{"start":{"line":73,"column":40},"end":{"line":73,"column":41}},"loc":{"start":{"line":73,"column":57},"end":{"line":82,"column":4}}},"8":{"name":"(anonymous_9)","decl":{"start":{"line":74,"column":17},"end":{"line":74,"column":18}},"loc":{"start":{"line":74,"column":26},"end":{"line":81,"column":5}}},"9":{"name":"(anonymous_10)","decl":{"start":{"line":78,"column":15},"end":{"line":78,"column":18}},"loc":{"start":{"line":78,"column":20},"end":{"line":80,"column":7}}},"10":{"name":"(anonymous_11)","decl":{"start":{"line":89,"column":32},"end":{"line":89,"column":33}},"loc":{"start":{"line":89,"column":41},"end":{"line":94,"column":5}}},"11":{"name":"(anonymous_12)","decl":{"start":{"line":99,"column":32},"end":{"line":99,"column":33}},"loc":{"start":{"line":99,"column":41},"end":{"line":105,"column":5}}},"12":{"name":"(anonymous_13)","decl":{"start":{"line":110,"column":32},"end":{"line":110,"column":33}},"loc":{"start":{"line":110,"column":50},"end":{"line":123,"column":5}}},"13":{"name":"(anonymous_14)","decl":{"start":{"line":128,"column":32},"end":{"line":128,"column":33}},"loc":{"start":{"line":128,"column":41},"end":{"line":148,"column":5}}},"14":{"name":"(anonymous_15)","decl":{"start":{"line":157,"column":23},"end":{"line":157,"column":26}},"loc":{"start":{"line":157,"column":28},"end":{"line":173,"column":5}}},"15":{"name":"(anonymous_16)","decl":{"start":{"line":177,"column":35},"end":{"line":177,"column":36}},"loc":{"start":{"line":177,"column":54},"end":{"line":196,"column":4}}},"16":{"name":"(anonymous_17)","decl":{"start":{"line":201,"column":35},"end":{"line":201,"column":38}},"loc":{"start":{"line":201,"column":40},"end":{"line":211,"column":3}}},"17":{"name":"(anonymous_18)","decl":{"start":{"line":214,"column":1},"end":{"line":214,"column":9}},"loc":{"start":{"line":214,"column":9},"end":{"line":225,"column":2}}},"18":{"name":"(anonymous_19)","decl":{"start":{"line":227,"column":7},"end":{"line":227,"column":19}},"loc":{"start":{"line":227,"column":19},"end":{"line":247,"column":null}}},"19":{"name":"(anonymous_21)","decl":{"start":{"line":249,"column":7},"end":{"line":249,"column":19}},"loc":{"start":{"line":249,"column":19},"end":{"line":254,"column":null}}}},"branchMap":{"0":{"loc":{"start":{"line":86,"column":2},"end":{"line":198,"column":null}},"type":"if","locations":[{"start":{"line":86,"column":2},"end":{"line":198,"column":null}}]},"1":{"loc":{"start":{"line":90,"column":5},"end":{"line":93,"column":null}},"type":"if","locations":[{"start":{"line":90,"column":5},"end":{"line":93,"column":null}}]},"2":{"loc":{"start":{"line":90,"column":9},"end":{"line":90,"column":57}},"type":"binary-expr","locations":[{"start":{"line":90,"column":9},"end":{"line":90,"column":30}},{"start":{"line":90,"column":34},"end":{"line":90,"column":57}}]},"3":{"loc":{"start":{"line":100,"column":5},"end":{"line":104,"column":null}},"type":"if","locations":[{"start":{"line":100,"column":5},"end":{"line":104,"column":null}}]},"4":{"loc":{"start":{"line":100,"column":9},"end":{"line":100,"column":57}},"type":"binary-expr","locations":[{"start":{"line":100,"column":9},"end":{"line":100,"column":30}},{"start":{"line":100,"column":34},"end":{"line":100,"column":57}}]},"5":{"loc":{"start":{"line":111,"column":5},"end":{"line":122,"column":null}},"type":"if","locations":[{"start":{"line":111,"column":5},"end":{"line":122,"column":null}}]},"6":{"loc":{"start":{"line":111,"column":9},"end":{"line":111,"column":57}},"type":"binary-expr","locations":[{"start":{"line":111,"column":9},"end":{"line":111,"column":30}},{"start":{"line":111,"column":34},"end":{"line":111,"column":57}}]},"7":{"loc":{"start":{"line":117,"column":6},"end":{"line":121,"column":null}},"type":"if","locations":[{"start":{"line":117,"column":6},"end":{"line":121,"column":null}}]},"8":{"loc":{"start":{"line":120,"column":41},"end":{"line":120,"column":64}},"type":"binary-expr","locations":[{"start":{"line":120,"column":41},"end":{"line":120,"column":50}},{"start":{"line":120,"column":54},"end":{"line":120,"column":64}}]},"9":{"loc":{"start":{"line":129,"column":5},"end":{"line":147,"column":null}},"type":"if","locations":[{"start":{"line":129,"column":5},"end":{"line":147,"column":null}}]},"10":{"loc":{"start":{"line":129,"column":9},"end":{"line":129,"column":57}},"type":"binary-expr","locations":[{"start":{"line":129,"column":9},"end":{"line":129,"column":30}},{"start":{"line":129,"column":34},"end":{"line":129,"column":57}}]},"11":{"loc":{"start":{"line":138,"column":6},"end":{"line":142,"column":null}},"type":"if","locations":[{"start":{"line":138,"column":6},"end":{"line":142,"column":null}},{"start":{"line":140,"column":13},"end":{"line":142,"column":null}}]},"12":{"loc":{"start":{"line":162,"column":5},"end":{"line":165,"column":null}},"type":"if","locations":[{"start":{"line":162,"column":5},"end":{"line":165,"column":null}}]},"13":{"loc":{"start":{"line":167,"column":5},"end":{"line":172,"column":null}},"type":"if","locations":[{"start":{"line":167,"column":5},"end":{"line":172,"column":null}},{"start":{"line":170,"column":12},"end":{"line":172,"column":null}}]},"14":{"loc":{"start":{"line":181,"column":30},"end":{"line":181,"column":57}},"type":"cond-expr","locations":[{"start":{"line":181,"column":38},"end":{"line":181,"column":40}},{"start":{"line":181,"column":38},"end":{"line":181,"column":57}}]},"15":{"loc":{"start":{"line":181,"column":30},"end":{"line":181,"column":40}},"type":"binary-expr","locations":[{"start":{"line":181,"column":30},"end":{"line":181,"column":40}},{"start":{"line":181,"column":38},"end":{"line":181,"column":40}}]},"16":{"loc":{"start":{"line":184,"column":4},"end":{"line":195,"column":null}},"type":"if","locations":[{"start":{"line":184,"column":4},"end":{"line":195,"column":null}},{"start":{"line":189,"column":9},"end":{"line":195,"column":null}}]},"17":{"loc":{"start":{"line":189,"column":9},"end":{"line":195,"column":null}},"type":"if","locations":[{"start":{"line":189,"column":9},"end":{"line":195,"column":null}},{"start":{"line":193,"column":11},"end":{"line":195,"column":null}}]},"18":{"loc":{"start":{"line":203,"column":3},"end":{"line":205,"column":null}},"type":"if","locations":[{"start":{"line":203,"column":3},"end":{"line":205,"column":null}}]},"19":{"loc":{"start":{"line":203,"column":7},"end":{"line":203,"column":61}},"type":"binary-expr","locations":[{"start":{"line":203,"column":7},"end":{"line":203,"column":29}},{"start":{"line":203,"column":33},"end":{"line":203,"column":61}}]},"20":{"loc":{"start":{"line":208,"column":3},"end":{"line":210,"column":null}},"type":"if","locations":[{"start":{"line":208,"column":3},"end":{"line":210,"column":null}}]},"21":{"loc":{"start":{"line":219,"column":2},"end":{"line":221,"column":null}},"type":"if","locations":[{"start":{"line":219,"column":2},"end":{"line":221,"column":null}}]},"22":{"loc":{"start":{"line":233,"column":8},"end":{"line":233,"column":37}},"type":"binary-expr","locations":[{"start":{"line":233,"column":8},"end":{"line":233,"column":31}},{"start":{"line":233,"column":35},"end":{"line":233,"column":37}}]},"23":{"loc":{"start":{"line":233,"column":8},"end":{"line":233,"column":31}},"type":"cond-expr","locations":[{"start":{"line":233,"column":17},"end":{"line":233,"column":19}},{"start":{"line":233,"column":8},"end":{"line":233,"column":31}}]},"24":{"loc":{"start":{"line":233,"column":8},"end":{"line":233,"column":19}},"type":"binary-expr","locations":[{"start":{"line":233,"column":8},"end":{"line":233,"column":19}},{"start":{"line":233,"column":8},"end":{"line":233,"column":19}}]},"25":{"loc":{"start":{"line":237,"column":8},"end":{"line":237,"column":42}},"type":"binary-expr","locations":[{"start":{"line":237,"column":8},"end":{"line":237,"column":36}},{"start":{"line":237,"column":40},"end":{"line":237,"column":42}}]},"26":{"loc":{"start":{"line":237,"column":8},"end":{"line":237,"column":36}},"type":"cond-expr","locations":[{"start":{"line":237,"column":17},"end":{"line":237,"column":19}},{"start":{"line":237,"column":8},"end":{"line":237,"column":36}}]},"27":{"loc":{"start":{"line":237,"column":8},"end":{"line":237,"column":19}},"type":"binary-expr","locations":[{"start":{"line":237,"column":8},"end":{"line":237,"column":19}},{"start":{"line":237,"column":8},"end":{"line":237,"column":19}}]},"28":{"loc":{"start":{"line":241,"column":8},"end":{"line":241,"column":42}},"type":"binary-expr","locations":[{"start":{"line":241,"column":8},"end":{"line":241,"column":36}},{"start":{"line":241,"column":40},"end":{"line":241,"column":42}}]},"29":{"loc":{"start":{"line":241,"column":8},"end":{"line":241,"column":36}},"type":"cond-expr","locations":[{"start":{"line":241,"column":17},"end":{"line":241,"column":19}},{"start":{"line":241,"column":8},"end":{"line":241,"column":36}}]},"30":{"loc":{"start":{"line":241,"column":8},"end":{"line":241,"column":19}},"type":"binary-expr","locations":[{"start":{"line":241,"column":8},"end":{"line":241,"column":19}},{"start":{"line":241,"column":8},"end":{"line":241,"column":19}}]},"31":{"loc":{"start":{"line":243,"column":22},"end":{"line":243,"column":88}},"type":"cond-expr","locations":[{"start":{"line":243,"column":50},"end":{"line":243,"column":54}},{"start":{"line":243,"column":54},"end":{"line":243,"column":88}}]},"32":{"loc":{"start":{"line":243,"column":22},"end":{"line":243,"column":54}},"type":"binary-expr","locations":[{"start":{"line":243,"column":22},"end":{"line":243,"column":54}},{"start":{"line":243,"column":50},"end":{"line":243,"column":54}}]},"33":{"loc":{"start":{"line":243,"column":22},"end":{"line":243,"column":50}},"type":"cond-expr","locations":[{"start":{"line":243,"column":31},"end":{"line":243,"column":33}},{"start":{"line":243,"column":22},"end":{"line":243,"column":50}}]},"34":{"loc":{"start":{"line":243,"column":22},"end":{"line":243,"column":33}},"type":"binary-expr","locations":[{"start":{"line":243,"column":22},"end":{"line":243,"column":33}},{"start":{"line":243,"column":22},"end":{"line":243,"column":33}}]},"35":{"loc":{"start":{"line":244,"column":14},"end":{"line":244,"column":64}},"type":"cond-expr","locations":[{"start":{"line":244,"column":34},"end":{"line":244,"column":38}},{"start":{"line":244,"column":38},"end":{"line":244,"column":64}}]},"36":{"loc":{"start":{"line":244,"column":14},"end":{"line":244,"column":38}},"type":"binary-expr","locations":[{"start":{"line":244,"column":14},"end":{"line":244,"column":38}},{"start":{"line":244,"column":34},"end":{"line":244,"column":38}}]},"37":{"loc":{"start":{"line":244,"column":14},"end":{"line":244,"column":34}},"type":"cond-expr","locations":[{"start":{"line":244,"column":23},"end":{"line":244,"column":25}},{"start":{"line":244,"column":14},"end":{"line":244,"column":34}}]},"38":{"loc":{"start":{"line":244,"column":14},"end":{"line":244,"column":25}},"type":"binary-expr","locations":[{"start":{"line":244,"column":14},"end":{"line":244,"column":25}},{"start":{"line":244,"column":14},"end":{"line":244,"column":25}}]},"39":{"loc":{"start":{"line":245,"column":24},"end":{"line":245,"column":94}},"type":"cond-expr","locations":[{"start":{"line":245,"column":54},"end":{"line":245,"column":58}},{"start":{"line":245,"column":58},"end":{"line":245,"column":94}}]},"40":{"loc":{"start":{"line":245,"column":24},"end":{"line":245,"column":58}},"type":"binary-expr","locations":[{"start":{"line":245,"column":24},"end":{"line":245,"column":58}},{"start":{"line":245,"column":54},"end":{"line":245,"column":58}}]},"41":{"loc":{"start":{"line":245,"column":24},"end":{"line":245,"column":54}},"type":"cond-expr","locations":[{"start":{"line":245,"column":33},"end":{"line":245,"column":35}},{"start":{"line":245,"column":24},"end":{"line":245,"column":54}}]},"42":{"loc":{"start":{"line":245,"column":24},"end":{"line":245,"column":35}},"type":"binary-expr","locations":[{"start":{"line":245,"column":24},"end":{"line":245,"column":35}},{"start":{"line":245,"column":24},"end":{"line":245,"column":35}}]}},"s":{"0":1,"1":1,"2":1,"3":1,"4":1,"5":1,"6":1,"7":24,"8":24,"9":24,"10":24,"11":0,"12":24,"13":1,"14":24,"15":1,"16":24,"17":1,"18":24,"19":1,"20":1,"21":1,"22":24,"23":0,"24":24,"25":24,"26":0,"27":0,"28":0,"29":24,"30":24,"31":2,"32":1,"33":1,"34":24,"35":2,"36":1,"37":1,"38":1,"39":24,"40":1,"41":1,"42":1,"43":1,"44":1,"45":0,"46":0,"47":0,"48":24,"49":1,"50":1,"51":1,"52":1,"53":1,"54":1,"55":0,"56":1,"57":1,"58":1,"59":24,"60":24,"61":24,"62":0,"63":0,"64":0,"65":0,"66":0,"67":0,"68":0,"69":0,"70":24,"71":0,"72":0,"73":0,"74":0,"75":0,"76":0,"77":0,"78":0,"79":0,"80":24,"81":24,"82":24,"83":24,"84":24,"85":1,"86":2,"87":2,"88":2,"89":2,"90":26,"91":26,"92":1,"93":1,"94":1},"f":{"0":24,"1":0,"2":1,"3":1,"4":1,"5":1,"6":0,"7":0,"8":0,"9":0,"10":2,"11":2,"12":1,"13":1,"14":0,"15":0,"16":24,"17":2,"18":26,"19":1},"b":{"0":[24],"1":[1],"2":[2,2],"3":[1],"4":[2,2],"5":[1],"6":[1,1],"7":[0],"8":[0,0],"9":[1],"10":[1,1],"11":[0,1],"12":[0],"13":[0,0],"14":[0,0],"15":[0,0],"16":[0,0],"17":[0,0],"18":[24],"19":[24,24],"20":[1],"21":[2],"22":[26,25],"23":[0,26],"24":[26,26],"25":[26,26],"26":[0,26],"27":[26,26],"28":[26,26],"29":[0,26],"30":[26,26],"31":[1,25],"32":[26,26],"33":[0,26],"34":[26,26],"35":[1,25],"36":[26,26],"37":[0,26],"38":[26,26],"39":[0,26],"40":[26,26],"41":[0,26],"42":[26,26]}}
,"/Users/davidconnolly/workspace/ObsidianDev/.obsidian/plugins/obsidian-ai-helper/src/settings.ts": {"path":"/Users/davidconnolly/workspace/ObsidianDev/.obsidian/plugins/obsidian-ai-helper/src/settings.ts","statementMap":{"0":{"start":{"line":1,"column":0},"end":{"line":1,"column":66}},"1":{"start":{"line":53,"column":13},"end":{"line":94,"column":2}},"2":{"start":{"line":100,"column":4},"end":{"line":100,"column":23}},"3":{"start":{"line":101,"column":4},"end":{"line":101,"column":25}},"4":{"start":{"line":105,"column":28},"end":{"line":105,"column":32}},"5":{"start":{"line":106,"column":4},"end":{"line":106,"column":24}},"6":{"start":{"line":109,"column":4},"end":{"line":109,"column":58}},"7":{"start":{"line":111,"column":4},"end":{"line":124,"column":9}},"8":{"start":{"line":115,"column":8},"end":{"line":123,"column":13}},"9":{"start":{"line":119,"column":36},"end":{"line":123,"column":12}},"10":{"start":{"line":120,"column":12},"end":{"line":120,"column":85}},"11":{"start":{"line":121,"column":12},"end":{"line":121,"column":45}},"12":{"start":{"line":122,"column":12},"end":{"line":122,"column":27}},"13":{"start":{"line":126,"column":4},"end":{"line":181,"column":null}},"14":{"start":{"line":127,"column":6},"end":{"line":136,"column":14}},"15":{"start":{"line":130,"column":25},"end":{"line":136,"column":12}},"16":{"start":{"line":133,"column":36},"end":{"line":136,"column":12}},"17":{"start":{"line":134,"column":12},"end":{"line":134,"column":67}},"18":{"start":{"line":135,"column":12},"end":{"line":135,"column":45}},"19":{"start":{"line":138,"column":6},"end":{"line":147,"column":14}},"20":{"start":{"line":141,"column":25},"end":{"line":147,"column":12}},"21":{"start":{"line":144,"column":36},"end":{"line":147,"column":12}},"22":{"start":{"line":145,"column":12},"end":{"line":145,"column":66}},"23":{"start":{"line":146,"column":12},"end":{"line":146,"column":45}},"24":{"start":{"line":149,"column":6},"end":{"line":158,"column":14}},"25":{"start":{"line":152,"column":25},"end":{"line":158,"column":12}},"26":{"start":{"line":155,"column":36},"end":{"line":158,"column":12}},"27":{"start":{"line":156,"column":12},"end":{"line":156,"column":67}},"28":{"start":{"line":157,"column":12},"end":{"line":157,"column":45}},"29":{"start":{"line":160,"column":6},"end":{"line":169,"column":14}},"30":{"start":{"line":163,"column":25},"end":{"line":169,"column":12}},"31":{"start":{"line":166,"column":36},"end":{"line":169,"column":12}},"32":{"start":{"line":167,"column":12},"end":{"line":167,"column":66}},"33":{"start":{"line":168,"column":12},"end":{"line":168,"column":45}},"34":{"start":{"line":171,"column":6},"end":{"line":180,"column":14}},"35":{"start":{"line":174,"column":25},"end":{"line":180,"column":12}},"36":{"start":{"line":177,"column":36},"end":{"line":180,"column":12}},"37":{"start":{"line":178,"column":12},"end":{"line":178,"column":65}},"38":{"start":{"line":179,"column":12},"end":{"line":179,"column":45}},"39":{"start":{"line":183,"column":4},"end":{"line":192,"column":12}},"40":{"start":{"line":186,"column":23},"end":{"line":192,"column":10}},"41":{"start":{"line":189,"column":34},"end":{"line":192,"column":10}},"42":{"start":{"line":190,"column":10},"end":{"line":190,"column":129}},"43":{"start":{"line":191,"column":10},"end":{"line":191,"column":43}},"44":{"start":{"line":194,"column":4},"end":{"line":203,"column":12}},"45":{"start":{"line":197,"column":23},"end":{"line":203,"column":10}},"46":{"start":{"line":200,"column":34},"end":{"line":203,"column":10}},"47":{"start":{"line":201,"column":10},"end":{"line":201,"column":115}},"48":{"start":{"line":202,"column":10},"end":{"line":202,"column":43}},"49":{"start":{"line":205,"column":4},"end":{"line":214,"column":12}},"50":{"start":{"line":208,"column":23},"end":{"line":214,"column":10}},"51":{"start":{"line":211,"column":34},"end":{"line":214,"column":10}},"52":{"start":{"line":212,"column":10},"end":{"line":212,"column":121}},"53":{"start":{"line":213,"column":10},"end":{"line":213,"column":43}},"54":{"start":{"line":216,"column":4},"end":{"line":225,"column":12}},"55":{"start":{"line":219,"column":23},"end":{"line":225,"column":10}},"56":{"start":{"line":222,"column":34},"end":{"line":225,"column":10}},"57":{"start":{"line":223,"column":10},"end":{"line":223,"column":129}},"58":{"start":{"line":224,"column":10},"end":{"line":224,"column":43}},"59":{"start":{"line":227,"column":4},"end":{"line":239,"column":12}},"60":{"start":{"line":230,"column":23},"end":{"line":239,"column":10}},"61":{"start":{"line":233,"column":34},"end":{"line":239,"column":10}},"62":{"start":{"line":234,"column":25},"end":{"line":234,"column":42}},"63":
[...]
,"/Users/davidconnolly/workspace/ObsidianDev/.obsidian/plugins/obsidian-ai-helper/src/chat/vectorStore.ts": {"path":"/Users/davidconnolly/workspace/ObsidianDev/.obsidian/plugins/obsidian-ai-helper/src/chat/vectorStore.ts","statementMap":{"0":{"start":{"line":1,"column":0},"end":{"line":1,"column":38}},"1":{"start":{"line":4,"column":0},"end":{"line":4,"column":46}},"2":{"start":{"line":13,"column":10},"end":{"line":13,"column":61}},"3":{"start":{"line":15,"column":10},"end":{"line":15,"column":84}},"4":{"start":{"line":16,"column":10},"end":{"line":16,"column":33}},"5":{"start":{"line":20,"column":6},"end":{"line":20,"column":35}},"6":{"start":{"line":21,"column":6},"end":{"line":21,"column":31}},"7":{"start":{"line":22,"column":6},"end":{"line":22,"column":32}},"8":{"start":{"line":22,"column":15},"end":{"line":22,"column":32}},"9":{"start":{"line":26,"column":6},"end":{"line":26,"column":21}},"10":{"start":{"line":30,"column":6},"end":{"line":30,"column":30}},"11":{"start":{"line":31,"column":6},"end":{"line":31,"column":25}},"12":{"start":{"line":32,"column":6},"end":{"line":32,"column":54}},"13":{"start":{"line":37,"column":18},"end":{"line":37,"column":28}},"14":{"start":{"line":38,"column":32},"end":{"line":38,"column":69}},"15":{"start":{"line":45,"column":6},"end":{"line":45,"column":53}},"16":{"start":{"line":60,"column":6},"end":{"line":63,"column":null}},"17":{"start":{"line":61,"column":10},"end":{"line":61,"column":62}},"18":{"start":{"line":62,"column":10},"end":{"line":62,"column":20}},"19":{"start":{"line":72,"column":12},"end":{"line":72,"column":14}},"20":{"start":{"line":74,"column":34},"end":{"line":74,"column":52}},"21":{"start":{"line":75,"column":20},"end":{"line":75,"column":33}},"22":{"start":{"line":76,"column":26},"end":{"line":76,"column":51}},"23":{"start":{"line":78,"column":6},"end":{"line":134,"column":null}},"24":{"start":{"line":79,"column":30},"end":{"line":79,"column":31}},"25":{"start":{"line":80,"column":31},"end":{"line":80,"column":33}},"26":{"start":{"line":83,"column":27},"end":{"line":83,"column":69}},"27":{"start":{"line":84,"column":29},"end":{"line":89,"column":15}},"28":{"start":{"line":85,"column":14},"end":{"line":87,"column":null}},"29":{"start":{"line":86,"column":18},"end":{"line":86,"column":70}},"30":{"start":{"line":88,"column":14},"end":{"line":88,"column":27}},"31":{"start":{"line":92,"column":23},"end":{"line":92,"column":66}},"32":{"start":{"line":93,"column":31},"end":{"line":93,"column":102}},"33":{"start":{"line":96,"column":89},"end":{"line":96,"column":91}},"34":{"start":{"line":98,"column":10},"end":{"line":113,"column":null}},"35":{"start":{"line":98,"column":23},"end":{"line":98,"column":24}},"36":{"start":{"line":99,"column":28},"end":{"line":99,"column":51}},"37":{"start":{"line":100,"column":14},"end":{"line":100,"column":92}},"38":{"start":{"line":100,"column":83},"end":{"line":100,"column":92}},"39":{"start":{"line":102,"column":33},"end":{"line":102,"column":96}},"40":{"start":{"line":105,"column":31},"end":{"line":105,"column":69}},"41":{"start":{"line":107,"column":14},"end":{"line":107,"column":66}},"42":{"start":{"line":109,"column":14},"end":{"line":112,"column":null}},"43":{"start":{"line":110,"column":18},"end":{"line":110,"column":45}},"44":{"start":{"line":111,"column":18},"end":{"line":111,"column":37}},"45":{"start":{"line":116,"column":10},"end":{"line":116,"column":65}},"46":{"start":{"line":116,"column":36},"end":{"line":116,"column":63}},"47":{"start":{"line":119,"column":10},"end":{"line":133,"column":null}},"48":{"start":{"line":120,"column":32},"end":{"line":120,"column":48}},"49":{"start":{"line":121,"column":36},"end":{"line":121,"column":73}},"50":{"start":{"line":123,"column":14},"end":{"line":132,"column":null}},"51":{"start":{"line":124,"column":18},"end":{"line":131,"column":21}},"52":{"start":{"line":137,"column":28},"end":{"line":140,"column":48}},"53":{"start":{"line":138,"column":26},"end":{"line":138,"column":43}},"54":{"start":{"line":140,"column":27},"end":{"line":140,"column":32}},"55":{"start":{"line":140,"column":36},"end":{"line":140,"column":40}},"56":{"start":{"line":140,"column":43},"end":{"line":140,"column":48}},"57":{"start":{"line":142,"column":6},"end":{"line":147,"column":14}},"58":{"start":{"line":142,"column":99},"end":{"line":147,"column":9}},"59":{"start":{"line":149,"column":6},"end":{"line":149,"column":27}},"60":{"start":{"line":154,"column":6},"end":{"line":157,"column":null}},"61":{"start":{"line":155,"column":10},"end":{"line":155,"column":119}},"62":{"start":{"line":156,"column":10},"end":{"line":156,"column":19}},"63":{"start":{"line":159,"column":23},"end":{"line":159,"column":24}},"64":{"start":{"line":160,"column":18},"end":{"line":160,"column":19}},"65":{"start":{"line":161,"column":18},"end":{"line":161,"column":19}},"66":{"start":{"line":163,"column":6},"end":{"line":167,"column":null}},"67":{"start":{"line":163,"column":19},"end":{"line":163,"column":20}},"68":{"start":{"line":164,"column":10},"end":{"line":164,"column":36}},"69":{"start":{"line":165,"column":10},"end":{"line":165,"column":31}},"70":{"start":{"line":166,"column":10},"end":{"line":166,"column":31}},"71":{"start":{"line":169,"column":6},"end":{"line":169,"column":31}},"72":{"start":{"line":170,"column":6},"end":{"line":170,"column":31}},"73":{"start":{"line":172,"column":6},"end":{"line":172,"column":47}},"74":{"start":{"line":172,"column":38},"end":{"line":172,"column":47}},"75":{"start":{"line":174,"column":6},"end":{"line":174,"column":42}},"76":{"start":{"line":179,"column":6},"end":{"line":182,"column":null}},"77":{"start":{"line":180,"column":10},"end":{"line":180,"column":96}},"78":{"start":{"line":181,"column":10},"end":{"line":181,"column":17}},"79":{"start":{"line":185,"column":26},"end":{"line":191,"column":8}},"80":{"start":{"line":186,"column":10},"end":{"line":189,"column":null}},"81":{"start":{"line":187,"column":14},"end":{"line":187,"column":138}},"82":{"start":{"line":188,"column":14},"end":{"line":188,"column":27}},"83":{"start":{"line":190,"column":10},"end":{"line":190,"column":22}},"84":{"start":{"line":193,"column":6},"end":{"line":196,"column":null}},"85":{"start":{"line":194,"column":10},"end":{"line":194,"column":103}},"86":{"start":{"line":195,"column":10},"end":{"line":195,"column":17}},"87":{"start":{"line":198,"column":6},"end":{"line":198,"column":43}},"88":{"start":{"line":199,"column":6},"end":{"line":199,"column":100}},"89":{"start":{"line":202,"column":6},"end":{"line":205,"column":9}},"90":{"start":{"line":209,"column":6},"end":{"line":209,"column":35}},"91":{"start":{"line":210,"column":6},"end":{"line":210,"column":30}},"92":{"start":{"line":215,"column":28},"end":{"line":215,"column":53}},"93":{"start":{"line":216,"column":6},"end":{"line":218,"column":null}},"94":{"start":{"line":217,"column":10},"end":{"line":217,"column":22}},"95":{"start":{"line":219,"column":6},"end":{"line":219,"column":46}},"96":{"start":{"line":224,"column":28},"end":{"line":224,"column":53}},"97":{"start":{"line":225,"column":6},"end":{"line":227,"column":null}},"98":{"start":{"line":226,"column":10},"end":{"line":226,"column":22}},"99":{"start":{"line":228,"column":6},"end":{"line":228,"column":34}},"100":{"start":{"line":12,"column":0},"end":{"line":12,"column":13}}},"fnMap":{"0":{"name":"(anonymous_0)","decl":{"start":{"line":19,"column":2},"end":{"line":19,"column":14}},"loc":{"start":{"line":19,"column":63},"end":{"line":23,"column":3}}},"1":{"name":"(anonymous_1)","decl":{"start":{"line":25,"column":2},"end":{"line":25,"column":8}},"loc":{"start":{"line":25,"column":17},"end":{"line":27,"column":3}}},"2":{"name":"(anonymous_2)","decl":{"start":{"line":29,"column":2},"end":{"line":29,"column":7}},"loc":{"start":{"line":29,"column":7},"end":{"line":33,"column":3}}},"3":{"name":"(anonymous_3)","decl":{"start":{"line":36,"column":10},"end":{"line":36,"column":31}},"loc":{"start":{"line":36,"column":45},"end":{"line":46,"column":3}}},"4":{"name":"(anonymous_4)","decl":{"start":{"line":48,"column":8},"end":{"line":48,"column":14}},"loc":{"start":{"line":53,"column":3},"end":{"line":150,"column":null}}},"5":{"name":"(anonymous_6)","decl":{"start":{"line":84,"column":48},"end":{"line":84,"column":49}},"loc":{"start":{"line":84,"column":64},"end":{"line":89,"column":11}}},"6":{"name":"(anonymous_7)","decl":{"start":{"line":116,"column":26},"end":{"line":116,"column":27}},"loc":{"start":{"line":116,"column":36},"end":{"line":116,"column":63}}},"7":{"name":"(anonymous_8)","decl":{"start":{"line":138,"column":16},"end":{"line":138,"column":17}},"loc":{"start":{"line":138,"column":26},"end":{"line":138,"column":43}}},"8":{"name":"(anonymous_9)","decl":{"start":{"line":140,"column":15},"end":{"line":140,"column":16}},"loc":{"start":{"line":140,"column":42},"end":{"line":140,"column":48}}},"9":{"name":"(anonymous_10)","decl":{"start":{"line":142,"column":94},"end":{"line":142,"column":95}},"loc":{"start":{"line":142,"column":98},"end":{"line":147,"column":9}}},"10":{"name":"(anonymous_11)","decl":{"start":{"line":152,"column":10},"end":{"line":152,"column":35}},"loc":{"start":{"line":152,"column":68},"end":{"line":175,"column":3}}},"11":{"name":"(anonymous_12)","decl":{"start":{"line":177,"column":2},"end":{"line":177,"column":14}},"loc":{"start":{"line":177,"column":53},"end":{"line":206,"column":3}}},"12":{"name":"(anonymous_13)","decl":{"start":{"line":185,"column":49},"end":{"line":185,"column":54}},"loc":{"start":{"line":185,"column":57},"end":{"line":191,"column":7}}},"13":{"name":"(anonymous_14)","decl":{"start":{"line":208,"column":2},"end":{"line":208,"column":17}},"loc":{"start":{"line":208,"column":30},"end":{"line":211,"column":3}}},"14":{"name":"(anonymous_15)","decl":{"start":{"line":214,"column":2},"end":{"line":214,"column":10}},"loc":{"start":{"line":214,"column":43},"end":{"line":220,"column":3}}},"15":{"name":"(anonymous_16)","decl":{"start":{"line":223,"column":2},"end":{"line":223,"column":14}},"loc":{"start":{"line":223,"column":27},"end":{"line":229,"column":3}}}},"branchMap":{"0":{"loc":{"start":{"line":22,"column":6},"end":{"line":22,"column":32}},"type":"if","locations":[{"start":{"line":22,"column":6},"end":{"line":22,"column":32}}]},"1":{"loc":{"start":{"line":60,"column":6},"end":{"line":63,"column":null}},"type":"if","locations":[{"start":{"line":60,"column":6},"end":{"line":63,"column":null}}]},"2":{"loc":{"start":{"line":76,"column":26},"end":{"line":76,"column":51}},"type":"binary-expr","locations":[{"start":{"line":76,"column":26},"end":{"line":76,"column":45}},{"start":{"line":76,"column":49},"end":{"line":76,"column":51}}]},"3":{"loc":{"start":{"line":83,"column":27},"end":{"line":83,"column":69}},"type":"binary-expr","locations":[{"start":{"line":83,"column":27},"end":{"line":83,"column":63}},{"start":{"line":83,"column":67},"end":{"line":83,"column":69}}]},"4":{"loc":{"start":{"line":83,"column":27},"end":{"line":83,"column":63}},"type":"cond-expr","locations":[{"start":{"line":83,"column":48},"end":{"line":83,"column":50}},{"start":{"line":83,"column":48},"end":{"line":83,"column":63}}]},"5":{"loc":{"start":{"line":83,"column":27},"end":{"line":83,"column":50}},"type":"binary-expr","locations":[{"start":{"line":83,"column":27},"end":{"line":83,"column":50}},{"start":{"line":83,"column":48},"end":{"line":83,"column":50}}]},"6":{"loc":{"start":{"line":85,"column":14},"end":{"line":87,"column":null}},"type":"if","locations":[{"start":{"line":85,"column":14},"end":{"line":87,"column":null}}]},"7":{"loc":{"start":{"line":92,"column":23},"end":{"line":92,"column":66}},"type":"cond-expr","locations":[{"start":{"line":92,"column":31},"end":{"line":92,"column":33}},{"start":{"line":92,"column":31},"end":{"line":92,"column":66}}]},"8":{"loc":{"start":{"line":92,"column":23},"end":{"line":92,"column":33}},"type":"binary-expr","locations":[{"start":{"line":92,"column":23},"end":{"line":92,"column":33}},{"start":{"line":92,"column":31},"end":{"line":92,"column":33}}]},"9":{"loc":{"start":{"line":93,"column":31},"end":{"line":93,"column":102}},"type":"cond-expr","locations":[{"start":{"line":93,"column":55},"end":{"line":93,"column":98}},{"start":{"line":93,"column":101},"end":{"line":93,"column":102}}]},"10":{"loc":{"start":{"line":100,"column":14},"end":{"line":100,"column":92}},"type":"if","locations":[{"start":{"line":100,"column":14},"end":{"line":100,"column":92}}]},"11":{"loc":{"start":{"line":100,"column":18},"end":{"line":100,"column":81}},"type":"binary-expr","locations":[{"start":{"line":100,"column":18},"end":{"line":100,"column":39}},{"start":{"line":100,"column":39},"end":{"line":100,"column":81}}]},"12":{"loc":{"start":{"line":100,"column":19},"end":{"line":100,"column":35}},"type":"cond-expr","locations":[{"start":{"line":100,"column":24},"end":{"line":100,"column":26}},{"start":{"line":100,"column":19},"end":{"line":100,"column":35}}]},"13":{"loc":{"start":{"line":100,"column":19},"end":{"line":100,"column":26}},"type":"binary-expr","locations":[{"start":{"line":100,"column":19},"end":{"line":100,"column":26}},{"start":{"line":100,"column":19},"end":{"line":100,"column":26}}]},"14":{"loc":{"start":{"line":109,"column":14},"end":{"line":112,"column":null}},"type":"if","locations":[{"start":{"line":109,"column":14},"end":{"line":112,"column":null}}]},"15":{"loc":{"start":{"line":123,"column":14},"end":{"line":132,"column":null}},"type":"if","locations":[{"start":{"line":123,"column":14},"end":{"line":132,"column":null}}]},"16":{"loc":{"start":{"line":145,"column":17},"end":{"line":145,"column":48}},"type":"binary-expr","locations":[{"start":{"line":145,"column":17},"end":{"line":145,"column":41}},{"start":{"line":145,"column":45},"end":{"line":145,"column":48}}]},"17":{"loc":{"start":{"line":145,"column":17},"end":{"line":145,"column":41}},"type":"cond-expr","locations":[{"start":{"line":145,"column":29},"end":{"line":145,"column":31}},{"start":{"line":145,"column":29},"end":{"line":145,"column":41}}]},"18":{"loc":{"start":{"line":145,"column":17},"end":{"line":145,"column":31}},"type":"binary-expr","locations":[{"start":{"line":145,"column":17},"end":{"line":145,"column":31}},{"start":{"line":145,"column":29},"end":{"line":145,"column":31}}]},"19":{"loc":{"start":{"line":146,"column":19},"end":{"line":146,"column":52}},"type":"binary-expr","locations":[{"start":{"line":146,"column":19},"end":{"line":146,"column":45}},{"start":{"line":146,"column":49},"end":{"line":146,"column":52}}]},"20":{"loc":{"start":{"line":146,"column":19},"end":{"line":146,"column":45}},"type":"cond-expr","locations":[{"start":{"line":146,"column":33},"end":{"line":146,"column":35}},{"start":{"line":146,"column":33},"end":{"line":146,"column":45}}]},"21":{"loc":{"start":{"line":146,"column":19},"end":{"line":146,"column":35}},"type":"binary-expr","locations":[{"start":{"line":146,"column":19},"end":{"line":146,"column":35}},{"start":{"line":146,"column":33},"end":{"line":146,"column":35}}]},"22":{"loc":{"start":{"line":154,"column":6},"end":{"line":157,"column":null}},"type":"if","locations":[{"start":{"line":154,"column":6},"end":{"line":157,"column":null}}]},"23":{"loc":{"start":{"line":172,"column":6},"end":{"line":172,"column":47}},"type":"if","locations":[{"start":{"line":172,"column":6},"end":{"line":172,"column":47}}]},"24":{"loc":{"start":{"line":172,"column":10},"end":{"line":172,"column":36}},"type":"binary-expr","locations":[{"start":{"line":172,"column":10},"end":{"line":172,"column":21}},{"start":{"line":172,"column":25},"end":{"line":172,"column":36}}]},"25":{"loc":{"start":{"line":179,"column":6},"end":{"line":182,"column":null}},"type":"if","locations":[{"start":{"line":179,"column":6},"end":{"line":182,"column":null}}]},"26":{"loc":{"start":{"line":179,"column":10},"end":{"line":179,"column":74}},"type":"binary-expr","locations":[{"start":{"line":179,"column":10},"end":{"line":179,"column":20}},{"start":{"line":179,"column":24},"end":{"line":179,"column":41}},{"start":{"line":179,"column":45},"end":{"line":179,"column":74}}]},"27":{"loc":{"start":{"line":186,"column":10},"end":{"line":189,"column":null}},"type":"if","locations":[{"start":{"line":186,"column":10},"end":{"line":189,"column":null}}]},"28":{"loc":{"start":{"line":186,"column":14},"end":{"line":186,"column":76}},"type":"binary-expr","locations":[{"start":{"line":186,"column":14},"end":{"line":186,"column":30}},{"start":{"line":186,"column":34},"end":{"line":186,"column":76}}]},"29":{"loc":{"start":{"line":187,"column":106},"end":{"line":187,"column":134}},"type":"binary-expr","locations":[{"start":{"line":187,"column":106},"end":{"line":187,"column":129}},{"start":{"line":187,"column":133},"end":{"line":187,"column":134}}]},"30":{"loc":{"start":{"line":187,"column":106},"end":{"line":187,"column":129}},"type":"cond-expr","locations":[{"start":{"line":187,"column":121},"end":{"line":187,"column":123}},{"start":{"line":187,"column":121},"end":{"line":187,"column":129}}]},"31":{"loc":{"start":{"line":187,"column":106},"end":{"line":187,"column":123}},"type":"binary-expr","locations":[{"start":{"line":187,"column":106},"end":{"line":187,"column":123}},{"start":{"line":187,"column":121},"end":{"line":187,"column":123}}]},"32":{"loc":{"start":{"line":193,"column":6},"end":{"line":196,"column":null}},"type":"if","locations":[{"start":{"line":193,"column":6},"end":{"line":196,"column":null}}]},"33":{"loc":{"start":{"line":216,"column":6},"end":{"line":218,"column":null}},"type":"if","locations":[{"start":{"line":216,"column":6},"end":{"line":218,"column":null}}]},"34":{"loc":{"start":{"line":216,"column":10},"end":{"line":216,"column":87}},"type":"binary-expr","locations":[{"start":{"line":216,"column":10},"end":{"line":216,"column":24}},{"start":{"line":216,"column":28},"end":{"line":216,"column":42}},{"start":{"line":216,"column":46},"end":{"line":216,"column":87}}]},"35":{"loc":{"start":{"line":225,"column":6},"end":{"line":227,"column":null}},"type":"if","locations":[{"start":{"line":225,"column":6},"end":{"line":227,"column":null}}]}},"s":{"0":4,"1":4,"2":17,"3":17,"4":17,"5":17,"6":17,"7":17,"8":17,"9":18,"10":1,"11":1,"12":1,"13":2,"14":2,"15":2,"16":4,"17":1,"18":1,"19":3,"20":3,"21":3,"22":3,"23":3,"24":5,"25":5,"26":5,"27":5,"28":0,"29":0,"30":0,"31":5,"32":5,"33":5,"34":5,"35":5,"36":6,"37":6,"38":0,"39":6,"40":6,"41":6,"42":6,"43":4,"44":4,"45":5,"46":1,"47":5,"48":6,"49":6,"50":6,"51":4,"52":3,"53":3,"54":3,"55":3,"56":3,"57":3,"58":3,"59":3,"60":8,"61":0,"62":0,"63":8,"64":8,"65":8,"66":8,"67":8,"68":3072,"69":3072,"70":3072,"71":8,"72":8,"73":8,"74":2,"75":6,"76":5,"77":0,"78":0,"79":5,"80":5,"81":1,"82":1,"83":4,"84":5,"85":1,"86":1,"87":4,"88":4,"89":4,"90":1,"91":1,"92":2,"93":2,"94":1,"95":1,"96":2,"97":2,"98":1,"99":1,"100":4},"f":{"0":17,"1":18,"2":1,"3":2,"4":4,"5":0,"6":1,"7":3,"8":3,"9":3,"10":8,"11":5,"12":5,"13":1,"14":2,"15":2},"b":{"0":[17],"1":[1],"2":[3,3],"3":[5,0],"4":[0,5],"5":[5,5],"6":[0],"7":[0,5],"8":[5,5],"9":[0,5],"10":[0],"11":[6,6],"12":[0,6],"13":[6,6],"14":[4],"15":[4],"16":[3,0],"17":[0,3],"18":[3,3],"19":[3,0],"20":[0,3],"21":[3,3],"22":[0],"23":[2],"24":[8,8],"25":[0],"26":[5,5,5],"27":[1],"28":[5,5],"29":[1,0],"30":[0,1],"31":[1,1],"32":[1],"33":[1],"34":[2,1,1],"35":[1]}}
}
