TN:
SF:src/chat.ts
FN:44,openAIChat
FN:81,(anonymous_1)
FN:93,(anonymous_2)
FN:93,(anonymous_3)
FN:109,(anonymous_4)
FN:129,(anonymous_5)
FN:133,(anonymous_6)
FN:137,(anonymous_7)
FN:141,(anonymous_8)
FN:158,(anonymous_10)
FN:179,(anonymous_11)
FN:192,(anonymous_12)
FN:202,(anonymous_13)
FN:205,(anonymous_14)
FN:227,(anonymous_15)
FN:258,(anonymous_16)
FN:265,(anonymous_17)
FN:302,(anonymous_18)
FN:309,(anonymous_19)
FN:318,(anonymous_20)
FN:332,(anonymous_21)
FN:382,(anonymous_23)
FN:395,(anonymous_25)
FN:396,(anonymous_26)
FN:411,(anonymous_27)
FN:469,(anonymous_28)
FN:485,(anonymous_30)
FN:501,(anonymous_31)
FNF:28
FNH:11
FNDA:0,openAIChat
FNDA:11,(anonymous_1)
FNDA:11,(anonymous_2)
FNDA:11,(anonymous_3)
FNDA:11,(anonymous_4)
FNDA:0,(anonymous_5)
FNDA:0,(anonymous_6)
FNDA:0,(anonymous_7)
FNDA:0,(anonymous_8)
FNDA:0,(anonymous_10)
FNDA:0,(anonymous_11)
FNDA:0,(anonymous_12)
FNDA:0,(anonymous_13)
FNDA:5,(anonymous_14)
FNDA:0,(anonymous_15)
FNDA:0,(anonymous_16)
FNDA:2,(anonymous_17)
FNDA:3,(anonymous_18)
FNDA:4,(anonymous_19)
FNDA:1,(anonymous_20)
FNDA:1,(anonymous_21)
FNDA:0,(anonymous_23)
FNDA:0,(anonymous_25)
FNDA:0,(anonymous_26)
FNDA:0,(anonymous_27)
FNDA:0,(anonymous_28)
FNDA:0,(anonymous_30)
FNDA:1,(anonymous_31)
DA:1,1
DA:3,1
DA:6,1
DA:7,1
DA:8,1
DA:11,1
DA:14,1
DA:44,1
DA:45,0
DA:46,0
DA:47,0
DA:48,0
DA:51,0
DA:52,0
DA:53,0
DA:56,0
DA:61,1
DA:63,11
DA:69,11
DA:77,11
DA:78,11
DA:79,11
DA:82,11
DA:83,11
DA:84,11
DA:87,11
DA:88,11
DA:89,11
DA:90,11
DA:93,11
DA:94,11
DA:95,11
DA:96,11
DA:99,11
DA:100,11
DA:101,0
DA:104,11
DA:105,0
DA:106,0
DA:108,11
DA:109,11
DA:114,0
DA:115,0
DA:116,0
DA:117,0
DA:118,0
DA:120,0
DA:123,0
DA:124,0
DA:130,0
DA:134,0
DA:138,0
DA:142,0
DA:143,0
DA:144,0
DA:147,0
DA:150,0
DA:153,0
DA:154,0
DA:160,0
DA:163,0
DA:164,0
DA:165,0
DA:166,0
DA:169,0
DA:172,0
DA:173,0
DA:179,0
DA:180,0
DA:181,0
DA:182,0
DA:187,0
DA:190,0
DA:192,0
DA:193,0
DA:196,0
DA:199,0
DA:202,0
DA:206,5
DA:208,5
DA:209,3
DA:212,3
DA:213,3
DA:216,3
DA:217,3
DA:220,3
DA:221,3
DA:223,3
DA:227,2
DA:229,2
DA:230,2
DA:233,2
DA:234,2
DA:237,2
DA:240,2
DA:241,2
DA:244,2
DA:245,2
DA:248,2
DA:249,2
DA:250,2
DA:251,2
DA:254,2
DA:255,2
DA:258,2
DA:259,0
DA:266,2
DA:267,2
DA:269,2
DA:270,2
DA:273,0
DA:274,0
DA:275,0
DA:278,0
DA:279,0
DA:280,0
DA:283,0
DA:284,0
DA:285,0
DA:288,0
DA:289,0
DA:290,0
DA:293,0
DA:294,0
DA:295,0
DA:298,0
DA:299,0
DA:303,3
DA:304,3
DA:305,3
DA:306,3
DA:310,4
DA:311,4
DA:312,4
DA:313,4
DA:314,4
DA:315,4
DA:319,1
DA:320,1
DA:321,1
DA:322,0
DA:323,0
DA:324,0
DA:326,1
DA:327,1
DA:328,1
DA:333,1
DA:334,1
DA:337,0
DA:338,0
DA:341,0
DA:343,0
DA:345,0
DA:348,0
DA:351,0
DA:352,0
DA:353,0
DA:357,0
DA:358,0
DA:362,0
DA:363,0
DA:366,0
DA:369,0
DA:371,0
DA:372,0
DA:373,0
DA:377,0
DA:378,0
DA:383,0
DA:384,0
DA:387,0
DA:388,0
DA:391,0
DA:392,0
DA:395,0
DA:396,0
DA:397,0
DA:400,0
DA:401,0
DA:404,0
DA:411,0
DA:419,0
DA:420,0
DA:422,0
DA:423,0
DA:424,0
DA:425,0
DA:427,0
DA:429,0
DA:430,0
DA:431,0
DA:432,0
DA:435,0
DA:436,0
DA:437,0
DA:438,0
DA:440,0
DA:450,0
DA:457,0
DA:461,0
DA:462,0
DA:464,0
DA:465,0
DA:471,0
DA:472,0
DA:476,0
DA:484,0
DA:485,0
DA:491,0
DA:493,0
DA:496,0
DA:497,0
DA:503,1
DA:504,0
DA:505,0
DA:509,1
DA:510,1
DA:513,1
DA:514,1
DA:517,1
DA:518,1
DA:519,1
DA:522,1
DA:523,1
DA:526,1
DA:529,1
DA:530,0
LF:227
LH:91
BRDA:46,0,0,0
BRDA:52,1,0,0
BRDA:100,2,0,0
BRDA:104,3,0,0
BRDA:104,3,1,11
BRDA:114,4,0,0
BRDA:114,4,1,0
BRDA:114,5,0,0
BRDA:114,5,1,0
BRDA:153,6,0,0
BRDA:180,7,0,0
BRDA:180,8,0,0
BRDA:180,8,1,0
BRDA:180,8,2,0
BRDA:208,9,0,3
BRDA:255,10,0,0
BRDA:255,10,1,2
BRDA:269,11,0,2
BRDA:274,12,0,0
BRDA:279,13,0,0
BRDA:284,14,0,0
BRDA:288,15,0,0
BRDA:293,16,0,0
BRDA:321,17,0,0
BRDA:321,17,1,1
BRDA:334,18,0,1
BRDA:334,19,0,1
BRDA:334,19,1,0
BRDA:351,20,0,0
BRDA:357,21,0,0
BRDA:357,22,0,0
BRDA:357,22,1,0
BRDA:357,22,2,0
BRDA:371,23,0,0
BRDA:395,24,0,0
BRDA:395,24,1,0
BRDA:401,25,0,0
BRDA:401,25,1,0
BRDA:423,26,0,0
BRDA:430,27,0,0
BRDA:430,28,0,0
BRDA:430,28,1,0
BRDA:471,29,0,0
BRDA:503,30,0,0
BRDA:503,31,0,1
BRDA:503,31,1,0
BRDA:529,32,0,0
BRF:47
BRH:8
end_of_record
TN:
SF:src/fileUpdateManager.ts
FN:8,createDebounce
FN:16,later
FN:24,(anonymous_2)
FN:41,(anonymous_3)
FN:62,(anonymous_4)
FN:71,(anonymous_5)
FN:83,(anonymous_7)
FN:99,(anonymous_8)
FN:99,(anonymous_9)
FN:120,(anonymous_10)
FN:169,(anonymous_12)
FN:194,(anonymous_13)
FN:195,(anonymous_14)
FN:195,(anonymous_15)
FN:212,(anonymous_16)
FN:220,(anonymous_17)
FN:235,(anonymous_18)
FN:250,(anonymous_20)
FN:255,(anonymous_21)
FN:267,(anonymous_22)
FN:282,(anonymous_23)
FN:307,(anonymous_24)
FN:312,(anonymous_25)
FNF:23
FNH:13
FNDA:44,createDebounce
FNDA:0,later
FNDA:0,(anonymous_2)
FNDA:9,(anonymous_3)
FNDA:37,(anonymous_4)
FNDA:6,(anonymous_5)
FNDA:5,(anonymous_7)
FNDA:5,(anonymous_8)
FNDA:5,(anonymous_9)
FNDA:5,(anonymous_10)
FNDA:5,(anonymous_12)
FNDA:0,(anonymous_13)
FNDA:0,(anonymous_14)
FNDA:0,(anonymous_15)
FNDA:0,(anonymous_16)
FNDA:0,(anonymous_17)
FNDA:1,(anonymous_18)
FNDA:7,(anonymous_20)
FNDA:0,(anonymous_21)
FNDA:0,(anonymous_22)
FNDA:0,(anonymous_23)
FNDA:1,(anonymous_24)
FNDA:4,(anonymous_25)
DA:2,1
DA:3,1
DA:4,1
DA:5,1
DA:13,44
DA:14,44
DA:17,0
DA:18,0
DA:19,0
DA:20,0
DA:24,44
DA:25,0
DA:26,0
DA:28,0
DA:29,0
DA:30,0
DA:33,0
DA:35,0
DA:36,0
DA:37,0
DA:41,44
DA:42,9
DA:43,0
DA:44,0
DA:46,0
DA:47,0
DA:48,0
DA:53,44
DA:56,1
DA:59,37
DA:63,37
DA:64,37
DA:65,37
DA:72,6
DA:73,6
DA:75,6
DA:76,6
DA:79,6
DA:81,5
DA:83,5
DA:84,5
DA:85,5
DA:87,5
DA:89,5
DA:90,5
DA:95,5
DA:96,5
DA:99,5
DA:101,5
DA:104,5
DA:105,5
DA:106,0
DA:108,5
DA:112,0
DA:115,1
DA:121,5
DA:122,5
DA:124,5
DA:125,5
DA:128,0
DA:129,0
DA:130,0
DA:133,0
DA:134,0
DA:135,0
DA:138,0
DA:139,0
DA:140,0
DA:144,0
DA:145,0
DA:146,0
DA:148,0
DA:152,0
DA:155,0
DA:157,0
DA:160,0
DA:161,0
DA:164,0
DA:170,5
DA:172,5
DA:174,5
DA:175,5
DA:179,0
DA:180,0
DA:182,0
DA:183,0
DA:184,0
DA:188,0
DA:189,0
DA:190,0
DA:193,0
DA:194,0
DA:195,0
DA:196,0
DA:197,0
DA:200,0
DA:201,0
DA:202,0
DA:203,0
DA:206,0
DA:207,0
DA:209,0
DA:210,0
DA:214,0
DA:217,0
DA:218,0
DA:219,0
DA:220,0
DA:223,0
DA:224,0
DA:230,0
DA:231,0
DA:236,1
DA:237,1
DA:238,1
DA:241,0
DA:242,0
DA:243,0
DA:245,0
DA:252,7
DA:255,7
DA:256,0
DA:257,0
DA:259,0
DA:260,0
DA:263,0
DA:265,0
DA:267,0
DA:268,0
DA:269,0
DA:271,0
DA:273,0
DA:274,0
DA:279,0
DA:280,0
DA:282,0
DA:284,0
DA:287,0
DA:288,0
DA:289,0
DA:291,0
DA:295,0
DA:298,0
DA:303,7
DA:308,1
DA:314,4
LF:146
LH:51
BRDA:11,0,0,37
BRDA:18,1,0,0
BRDA:18,2,0,0
BRDA:18,2,1,0
BRDA:26,3,0,0
BRDA:26,3,1,0
BRDA:28,4,0,0
BRDA:35,5,0,0
BRDA:42,6,0,0
BRDA:46,7,0,0
BRDA:79,8,0,5
BRDA:79,8,1,1
BRDA:89,9,0,5
BRDA:95,10,0,5
BRDA:95,10,1,0
BRDA:105,11,0,0
BRDA:105,11,1,5
BRDA:105,12,0,5
BRDA:105,12,1,0
BRDA:121,13,0,5
BRDA:128,14,0,0
BRDA:138,15,0,0
BRDA:138,16,0,0
BRDA:138,16,1,0
BRDA:160,17,0,0
BRDA:172,18,0,5
BRDA:182,19,0,0
BRDA:200,20,0,0
BRDA:200,21,0,0
BRDA:200,21,1,0
BRDA:206,22,0,0
BRDA:206,22,1,0
BRDA:206,23,0,0
BRDA:206,23,1,0
BRDA:218,24,0,0
BRDA:218,24,1,0
BRDA:236,25,0,1
BRDA:263,26,0,0
BRDA:263,26,1,0
BRDA:273,27,0,0
BRDA:279,28,0,0
BRDA:279,28,1,0
BRDA:288,29,0,0
BRDA:288,29,1,0
BRDA:288,30,0,0
BRDA:288,30,1,0
BRDA:303,31,0,0
BRDA:303,31,1,7
BRDA:303,32,0,7
BRDA:303,32,1,7
BRDA:308,33,0,1
BRDA:308,33,1,1
BRF:52
BRH:15
end_of_record
TN:
SF:src/main.ts
FN:15,(anonymous_0)
FN:22,(anonymous_2)
FN:29,(anonymous_3)
FN:38,(anonymous_4)
FN:47,(anonymous_5)
FN:56,(anonymous_6)
FN:64,(anonymous_7)
FN:73,(anonymous_8)
FN:74,(anonymous_9)
FN:78,(anonymous_10)
FN:89,(anonymous_11)
FN:99,(anonymous_12)
FN:110,(anonymous_13)
FN:128,(anonymous_14)
FN:157,(anonymous_15)
FN:177,(anonymous_16)
FN:201,(anonymous_17)
FN:214,(anonymous_18)
FN:227,(anonymous_19)
FN:249,(anonymous_21)
FNF:20
FNH:13
FNDA:24,(anonymous_0)
FNDA:0,(anonymous_2)
FNDA:1,(anonymous_3)
FNDA:1,(anonymous_4)
FNDA:1,(anonymous_5)
FNDA:1,(anonymous_6)
FNDA:0,(anonymous_7)
FNDA:0,(anonymous_8)
FNDA:0,(anonymous_9)
FNDA:0,(anonymous_10)
FNDA:2,(anonymous_11)
FNDA:2,(anonymous_12)
FNDA:1,(anonymous_13)
FNDA:1,(anonymous_14)
FNDA:0,(anonymous_15)
FNDA:0,(anonymous_16)
FNDA:24,(anonymous_17)
FNDA:2,(anonymous_18)
FNDA:26,(anonymous_19)
FNDA:1,(anonymous_21)
DA:1,1
DA:2,1
DA:3,1
DA:4,1
DA:5,1
DA:6,1
DA:7,1
DA:9,1
DA:16,24
DA:17,24
DA:18,24
DA:20,24
DA:22,0
DA:26,24
DA:30,1
DA:35,24
DA:39,1
DA:44,24
DA:48,1
DA:53,24
DA:57,1
DA:58,1
DA:59,1
DA:64,24
DA:65,0
DA:69,24
DA:72,24
DA:74,0
DA:75,0
DA:79,0
DA:86,24
DA:88,24
DA:90,2
DA:91,1
DA:92,1
DA:98,24
DA:100,2
DA:101,1
DA:102,1
DA:103,1
DA:109,24
DA:111,1
DA:112,1
DA:113,1
DA:114,1
DA:117,1
DA:118,0
DA:119,0
DA:120,0
DA:127,24
DA:129,1
DA:131,1
DA:132,1
DA:135,1
DA:136,1
DA:138,1
DA:139,0
DA:141,1
DA:145,1
DA:146,1
DA:153,24
DA:154,24
DA:156,24
DA:159,0
DA:162,0
DA:163,0
DA:164,0
DA:167,0
DA:168,0
DA:169,0
DA:171,0
DA:177,24
DA:178,0
DA:181,0
DA:184,0
DA:185,0
DA:186,0
DA:189,0
DA:190,0
DA:192,0
DA:194,0
DA:197,24
DA:201,24
DA:203,24
DA:204,24
DA:208,24
DA:209,1
DA:216,2
DA:219,2
DA:220,2
DA:224,2
DA:228,26
DA:229,26
DA:250,1
DA:253,1
LF:95
LH:69
BRDA:86,0,0,24
BRDA:90,1,0,1
BRDA:90,2,0,2
BRDA:90,2,1,2
BRDA:100,3,0,1
BRDA:100,4,0,2
BRDA:100,4,1,2
BRDA:111,5,0,1
BRDA:111,6,0,1
BRDA:111,6,1,1
BRDA:117,7,0,0
BRDA:120,8,0,0
BRDA:120,8,1,0
BRDA:129,9,0,1
BRDA:129,10,0,1
BRDA:129,10,1,1
BRDA:138,11,0,0
BRDA:138,11,1,1
BRDA:162,12,0,0
BRDA:167,13,0,0
BRDA:167,13,1,0
BRDA:181,14,0,0
BRDA:181,14,1,0
BRDA:181,15,0,0
BRDA:181,15,1,0
BRDA:184,16,0,0
BRDA:184,16,1,0
BRDA:189,17,0,0
BRDA:189,17,1,0
BRDA:203,18,0,24
BRDA:203,19,0,24
BRDA:203,19,1,24
BRDA:208,20,0,1
BRDA:219,21,0,2
BRDA:233,22,0,26
BRDA:233,22,1,25
BRDA:233,23,0,0
BRDA:233,23,1,26
BRDA:233,24,0,26
BRDA:233,24,1,26
BRDA:237,25,0,26
BRDA:237,25,1,26
BRDA:237,26,0,0
BRDA:237,26,1,26
BRDA:237,27,0,26
BRDA:237,27,1,26
BRDA:241,28,0,26
BRDA:241,28,1,26
BRDA:241,29,0,0
BRDA:241,29,1,26
BRDA:241,30,0,26
BRDA:241,30,1,26
BRDA:243,31,0,1
BRDA:243,31,1,25
BRDA:243,32,0,26
BRDA:243,32,1,26
BRDA:243,33,0,0
BRDA:243,33,1,26
BRDA:243,34,0,26
BRDA:243,34,1,26
BRDA:244,35,0,1
BRDA:244,35,1,25
BRDA:244,36,0,26
BRDA:244,36,1,26
BRDA:244,37,0,0
BRDA:244,37,1,26
BRDA:244,38,0,26
BRDA:244,38,1,26
BRDA:245,39,0,0
BRDA:245,39,1,26
BRDA:245,40,0,26
BRDA:245,40,1,26
BRDA:245,41,0,0
BRDA:245,41,1,26
BRDA:245,42,0,26
BRDA:245,42,1,26
BRF:76
BRH:54
end_of_record
TN:
SF:src/settings.ts
FN:99,(anonymous_0)
FN:104,(anonymous_1)
FN:114,(anonymous_2)
FN:119,(anonymous_3)
FN:119,(anonymous_4)
FN:130,(anonymous_5)
FN:133,(anonymous_6)
FN:133,(anonymous_7)
FN:141,(anonymous_8)
FN:144,(anonymous_9)
FN:144,(anonymous_10)
FN:152,(anonymous_11)
FN:155,(anonymous_12)
FN:155,(anonymous_13)
FN:163,(anonymous_14)
FN:166,(anonymous_15)
FN:166,(anonymous_16)
FN:174,(anonymous_17)
FN:177,(anonymous_18)
FN:177,(anonymous_19)
FN:186,(anonymous_20)
FN:189,(anonymous_21)
FN:189,(anonymous_22)
FN:197,(anonymous_23)
FN:200,(anonymous_24)
FN:200,(anonymous_25)
FN:208,(anonymous_26)
FN:211,(anonymous_27)
FN:211,(anonymous_28)
FN:219,(anonymous_29)
FN:222,(anonymous_30)
FN:222,(anonymous_31)
FN:230,(anonymous_32)
FN:233,(anonymous_33)
FN:233,(anonymous_34)
FN:244,(anonymous_35)
FN:247,(anonymous_36)
FN:247,(anonymous_37)
FN:258,(anonymous_38)
FN:260,(anonymous_39)
FN:260,(anonymous_40)
FN:271,(anonymous_41)
FN:276,(anonymous_42)
FN:276,(anonymous_43)
FN:287,(anonymous_44)
FN:290,(anonymous_45)
FN:290,(anonymous_46)
FN:298,(anonymous_47)
FN:301,(anonymous_48)
FN:301,(anonymous_49)
FN:309,(anonymous_50)
FN:312,(anonymous_51)
FN:312,(anonymous_52)
FN:320,(anonymous_53)
FN:323,(anonymous_54)
FN:323,(anonymous_55)
FN:331,(anonymous_56)
FN:334,(anonymous_57)
FN:334,(anonymous_58)
FN:343,(anonymous_59)
FN:346,(anonymous_60)
FN:346,(anonymous_61)
FN:354,(anonymous_62)
FN:357,(anonymous_63)
FN:357,(anonymous_64)
FN:365,(anonymous_65)
FN:368,(anonymous_66)
FN:368,(anonymous_67)
FN:376,(anonymous_68)
FN:381,(anonymous_69)
FN:381,(anonymous_70)
FN:389,(anonymous_71)
FN:392,(anonymous_72)
FN:392,(anonymous_73)
FN:403,(anonymous_74)
FN:408,(anonymous_75)
FN:408,(anonymous_76)
FN:419,(anonymous_77)
FN:422,(anonymous_78)
FN:422,(anonymous_79)
FN:430,(anonymous_80)
FN:433,(anonymous_81)
FN:433,(anonymous_82)
FN:441,(anonymous_83)
FN:444,(anonymous_84)
FN:444,(anonymous_85)
FN:452,(anonymous_86)
FN:455,(anonymous_87)
FN:455,(anonymous_88)
FN:463,(anonymous_89)
FN:466,(anonymous_90)
FN:466,(anonymous_91)
FN:475,(anonymous_92)
FN:478,(anonymous_93)
FN:478,(anonymous_94)
FN:486,(anonymous_95)
FN:489,(anonymous_96)
FN:489,(anonymous_97)
FN:500,(anonymous_98)
FN:502,(anonymous_99)
FN:502,(anonymous_100)
FN:510,(anonymous_101)
FN:512,(anonymous_102)
FN:512,(anonymous_103)
FNF:104
FNH:0
FNDA:0,(anonymous_0)
FNDA:0,(anonymous_1)
FNDA:0,(anonymous_2)
FNDA:0,(anonymous_3)
FNDA:0,(anonymous_4)
FNDA:0,(anonymous_5)
FNDA:0,(anonymous_6)
FNDA:0,(anonymous_7)
FNDA:0,(anonymous_8)
FNDA:0,(anonymous_9)
FNDA:0,(anonymous_10)
FNDA:0,(anonymous_11)
FNDA:0,(anonymous_12)
FNDA:0,(anonymous_13)
FNDA:0,(anonymous_14)
FNDA:0,(anonymous_15)
FNDA:0,(anonymous_16)
FNDA:0,(anonymous_17)
FNDA:0,(anonymous_18)
FNDA:0,(anonymous_19)
FNDA:0,(anonymous_20)
FNDA:0,(anonymous_21)
FNDA:0,(anonymous_22)
FNDA:0,(anonymous_23)
FNDA:0,(anonymous_24)
FNDA:0,(anonymous_25)
FNDA:0,(anonymous_26)
FNDA:0,(anonymous_27)
FNDA:0,(anonymous_28)
FNDA:0,(anonymous_29)
FNDA:0,(anonymous_30)
FNDA:0,(anonymous_31)
FNDA:0,(anonymous_32)
FNDA:0,(anonymous_33)
FNDA:0,(anonymous_34)
FNDA:0,(anonymous_35)
FNDA:0,(anonymous_36)
FNDA:0,(anonymous_37)
FNDA:0,(anonymous_38)
FNDA:0,(anonymous_39)
FNDA:0,(anonymous_40)
FNDA:0,(anonymous_41)
FNDA:0,(anonymous_42)
FNDA:0,(anonymous_43)
FNDA:0,(anonymous_44)
FNDA:0,(anonymous_45)
FNDA:0,(anonymous_46)
FNDA:0,(anonymous_47)
FNDA:0,(anonymous_48)
FNDA:0,(anonymous_49)
FNDA:0,(anonymous_50)
FNDA:0,(anonymous_51)
FNDA:0,(anonymous_52)
FNDA:0,(anonymous_53)
FNDA:0,(anonymous_54)
FNDA:0,(anonymous_55)
FNDA:0,(anonymous_56)
FNDA:0,(anonymous_57)
FNDA:0,(anonymous_58)
FNDA:0,(anonymous_59)
FNDA:0,(anonymous_60)
FNDA:0,(anonymous_61)
FNDA:0,(anonymous_62)
FNDA:0,(anonymous_63)
FNDA:0,(anonymous_64)
FNDA:0,(anonymous_65)
FNDA:0,(anonymous_66)
FNDA:0,(anonymous_67)
FNDA:0,(anonymous_68)
FNDA:0,(anonymous_69)
FNDA:0,(anonymous_70)
FNDA:0,(anonymous_71)
FNDA:0,(anonymous_72)
FNDA:0,(anonymous_73)
FNDA:0,(anonymous_74)
FNDA:0,(anonymous_75)
FNDA:0,(anonymous_76)
FNDA:0,(anonymous_77)
FNDA:0,(anonymous_78)
FNDA:0,(anonymous_79)
FNDA:0,(anonymous_80)
FNDA:0,(anonymous_81)
FNDA:0,(anonymous_82)
FNDA:0,(anonymous_83)
FNDA:0,(anonymous_84)
FNDA:0,(anonymous_85)
FNDA:0,(anonymous_86)
FNDA:0,(anonymous_87)
FNDA:0,(anonymous_88)
FNDA:0,(anonymous_89)
FNDA:0,(anonymous_90)
FNDA:0,(anonymous_91)
FNDA:0,(anonymous_92)
FNDA:0,(anonymous_93)
FNDA:0,(anonymous_94)
FNDA:0,(anonymous_95)
FNDA:0,(anonymous_96)
FNDA:0,(anonymous_97)
FNDA:0,(anonymous_98)
FNDA:0,(anonymous_99)
FNDA:0,(anonymous_100)
FNDA:0,(anonymous_101)
FNDA:0,(anonymous_102)
FNDA:0,(anonymous_103)
DA:1,0
DA:53,0
DA:96,0
DA:100,0
DA:101,0
DA:105,0
DA:106,0
DA:109,0
DA:111,0
DA:115,0
DA:119,0
DA:120,0
DA:121,0
DA:122,0
DA:126,0
DA:127,0
DA:130,0
DA:133,0
DA:134,0
DA:135,0
DA:138,0
DA:141,0
DA:144,0
DA:145,0
DA:146,0
DA:149,0
DA:152,0
DA:155,0
DA:156,0
DA:157,0
DA:160,0
DA:163,0
DA:166,0
DA:167,0
DA:168,0
DA:171,0
DA:174,0
DA:177,0
DA:178,0
DA:179,0
DA:183,0
DA:186,0
DA:189,0
DA:190,0
DA:191,0
DA:194,0
DA:197,0
DA:200,0
DA:201,0
DA:202,0
DA:205,0
DA:208,0
DA:211,0
DA:212,0
DA:213,0
DA:216,0
DA:219,0
DA:222,0
DA:223,0
DA:224,0
DA:227,0
DA:230,0
DA:233,0
DA:234,0
DA:235,0
DA:236,0
DA:237,0
DA:241,0
DA:244,0
DA:247,0
DA:248,0
DA:249,0
DA:250,0
DA:251,0
DA:255,0
DA:258,0
DA:260,0
DA:261,0
DA:262,0
DA:266,0
DA:268,0
DA:272,0
DA:276,0
DA:277,0
DA:278,0
DA:279,0
DA:283,0
DA:284,0
DA:287,0
DA:290,0
DA:291,0
DA:292,0
DA:295,0
DA:298,0
DA:301,0
DA:302,0
DA:303,0
DA:306,0
DA:309,0
DA:312,0
DA:313,0
DA:314,0
DA:317,0
DA:320,0
DA:323,0
DA:324,0
DA:325,0
DA:328,0
DA:331,0
DA:334,0
DA:335,0
DA:336,0
DA:340,0
DA:343,0
DA:346,0
DA:347,0
DA:348,0
DA:351,0
DA:354,0
DA:357,0
DA:358,0
DA:359,0
DA:362,0
DA:365,0
DA:368,0
DA:369,0
DA:370,0
DA:373,0
DA:376,0
DA:381,0
DA:382,0
DA:383,0
DA:386,0
DA:389,0
DA:392,0
DA:393,0
DA:394,0
DA:398,0
DA:400,0
DA:404,0
DA:408,0
DA:409,0
DA:410,0
DA:411,0
DA:415,0
DA:416,0
DA:419,0
DA:422,0
DA:423,0
DA:424,0
DA:427,0
DA:430,0
DA:433,0
DA:434,0
DA:435,0
DA:438,0
DA:441,0
DA:444,0
DA:445,0
DA:446,0
DA:449,0
DA:452,0
DA:455,0
DA:456,0
DA:457,0
DA:460,0
DA:463,0
DA:466,0
DA:467,0
DA:468,0
DA:472,0
DA:475,0
DA:478,0
DA:479,0
DA:480,0
DA:483,0
DA:486,0
DA:489,0
DA:490,0
DA:491,0
DA:495,0
DA:497,0
DA:500,0
DA:502,0
DA:503,0
DA:504,0
DA:507,0
DA:510,0
DA:512,0
DA:513,0
DA:514,0
LF:191
LH:0
BRDA:126,0,0,0
BRDA:126,0,1,0
BRDA:132,1,0,0
BRDA:132,1,1,0
BRDA:154,2,0,0
BRDA:154,2,1,0
BRDA:165,3,0,0
BRDA:165,3,1,0
BRDA:176,4,0,0
BRDA:176,4,1,0
BRDA:190,5,0,0
BRDA:190,5,1,0
BRDA:201,6,0,0
BRDA:201,6,1,0
BRDA:212,7,0,0
BRDA:212,7,1,0
BRDA:223,8,0,0
BRDA:223,8,1,0
BRDA:235,9,0,0
BRDA:235,10,0,0
BRDA:235,10,1,0
BRDA:235,10,2,0
BRDA:236,11,0,0
BRDA:236,11,1,0
BRDA:249,12,0,0
BRDA:249,13,0,0
BRDA:249,13,1,0
BRDA:249,13,2,0
BRDA:250,14,0,0
BRDA:250,14,1,0
BRDA:283,15,0,0
BRDA:283,15,1,0
BRDA:289,16,0,0
BRDA:289,16,1,0
BRDA:311,17,0,0
BRDA:311,17,1,0
BRDA:322,18,0,0
BRDA:322,18,1,0
BRDA:333,19,0,0
BRDA:333,19,1,0
BRDA:347,20,0,0
BRDA:347,20,1,0
BRDA:358,21,0,0
BRDA:358,21,1,0
BRDA:369,22,0,0
BRDA:369,22,1,0
BRDA:393,23,0,0
BRDA:393,23,1,0
BRDA:415,24,0,0
BRDA:415,24,1,0
BRDA:421,25,0,0
BRDA:421,25,1,0
BRDA:443,26,0,0
BRDA:443,26,1,0
BRDA:454,27,0,0
BRDA:454,27,1,0
BRDA:465,28,0,0
BRDA:465,28,1,0
BRDA:479,29,0,0
BRDA:479,29,1,0
BRDA:490,30,0,0
BRDA:490,30,1,0
BRF:62
BRH:0
end_of_record
TN:
SF:src/summarize.ts
FN:5,(anonymous_0)
FN:11,summarizeSelection
FN:20,(anonymous_3)
FN:20,(anonymous_4)
FN:34,(anonymous_5)
FN:36,(anonymous_6)
FN:53,(anonymous_7)
FN:62,(anonymous_8)
FN:80,(anonymous_10)
FN:86,(anonymous_11)
FN:92,(anonymous_12)
FN:102,(anonymous_13)
FN:197,(anonymous_15)
FNF:13
FNH:0
FNDA:0,(anonymous_0)
FNDA:0,summarizeSelection
FNDA:0,(anonymous_3)
FNDA:0,(anonymous_4)
FNDA:0,(anonymous_5)
FNDA:0,(anonymous_6)
FNDA:0,(anonymous_7)
FNDA:0,(anonymous_8)
FNDA:0,(anonymous_10)
FNDA:0,(anonymous_11)
FNDA:0,(anonymous_12)
FNDA:0,(anonymous_13)
FNDA:0,(anonymous_15)
DA:1,0
DA:3,0
DA:5,0
DA:6,0
DA:7,0
DA:8,0
DA:11,0
DA:12,0
DA:13,0
DA:15,0
DA:16,0
DA:17,0
DA:20,0
DA:21,0
DA:22,0
DA:23,0
DA:25,0
DA:26,0
DA:28,0
DA:29,0
DA:30,0
DA:31,0
DA:32,0
DA:33,0
DA:34,0
DA:35,0
DA:37,0
DA:40,0
DA:43,0
DA:54,0
DA:55,0
DA:56,0
DA:57,0
DA:58,0
DA:59,0
DA:63,0
DA:64,0
DA:65,0
DA:67,0
DA:75,0
DA:79,0
DA:80,0
DA:81,0
DA:82,0
DA:85,0
DA:86,0
DA:87,0
DA:88,0
DA:91,0
DA:92,0
DA:93,0
DA:94,0
DA:97,0
DA:99,0
DA:103,0
DA:104,0
DA:108,0
DA:109,0
DA:112,0
DA:114,0
DA:115,0
DA:116,0
DA:117,0
DA:119,0
DA:122,0
DA:142,0
DA:143,0
DA:146,0
DA:147,0
DA:150,0
DA:151,0
DA:152,0
DA:154,0
DA:155,0
DA:156,0
DA:157,0
DA:158,0
DA:160,0
DA:162,0
DA:163,0
DA:164,0
DA:165,0
DA:166,0
DA:168,0
DA:169,0
DA:170,0
DA:171,0
DA:172,0
DA:175,0
DA:181,0
DA:182,0
DA:183,0
DA:184,0
DA:186,0
DA:187,0
DA:188,0
DA:190,0
DA:191,0
DA:192,0
DA:193,0
DA:198,0
DA:199,0
DA:200,0
LF:103
LH:0
BRDA:5,0,0,0
BRDA:5,0,1,0
BRDA:13,1,0,0
BRDA:13,1,1,0
BRDA:15,2,0,0
BRDA:21,3,0,0
BRDA:21,3,1,0
BRDA:22,4,0,0
BRDA:22,4,1,0
BRDA:28,5,0,0
BRDA:28,5,1,0
BRDA:33,6,0,0
BRDA:33,6,1,0
BRDA:104,7,0,0
BRDA:104,7,1,0
BRDA:108,8,0,0
BRDA:114,9,0,0
BRDA:116,10,0,0
BRDA:126,11,0,0
BRDA:126,11,1,0
BRDA:142,12,0,0
BRDA:146,13,0,0
BRDA:156,14,0,0
BRDA:160,15,0,0
BRDA:165,16,0,0
BRDA:168,17,0,0
BRDA:171,18,0,0
BRDA:171,19,0,0
BRDA:171,19,1,0
BRDA:171,19,2,0
BRF:30
BRH:0
end_of_record
TN:
SF:src/utils.ts
FN:8,logDebug
FN:19,logError
FNF:2
FNH:2
FNDA:87,logDebug
FNDA:7,logError
DA:8,4
DA:9,87
DA:10,87
DA:19,4
DA:20,7
LF:5
LH:5
BRDA:9,0,0,87
BRDA:20,1,0,7
BRDA:20,1,1,0
BRF:3
BRH:2
end_of_record
TN:
SF:src/chat/contextManager.ts
FN:9,(anonymous_0)
FN:14,(anonymous_1)
FN:21,(anonymous_2)
FN:42,(anonymous_3)
FN:58,(anonymous_4)
FN:61,(anonymous_5)
FN:82,(anonymous_6)
FN:83,(anonymous_7)
FN:84,(anonymous_8)
FN:95,(anonymous_9)
FN:108,(anonymous_10)
FN:111,(anonymous_11)
FN:137,(anonymous_12)
FN:141,(anonymous_13)
FNF:14
FNH:10
FNDA:9,(anonymous_0)
FNDA:3,(anonymous_1)
FNDA:0,(anonymous_2)
FNDA:5,(anonymous_3)
FNDA:1,(anonymous_4)
FNDA:2,(anonymous_5)
FNDA:2,(anonymous_6)
FNDA:0,(anonymous_7)
FNDA:1,(anonymous_8)
FNDA:6,(anonymous_9)
FNDA:1,(anonymous_10)
FNDA:1,(anonymous_11)
FNDA:0,(anonymous_12)
FNDA:0,(anonymous_13)
DA:5,2
DA:10,9
DA:11,9
DA:15,3
DA:16,3
DA:19,3
DA:21,2
DA:23,2
DA:24,2
DA:25,2
DA:28,2
DA:29,1
DA:30,1
DA:32,1
DA:36,1
DA:39,3
DA:44,5
DA:45,1
DA:46,1
DA:47,1
DA:52,4
DA:53,4
DA:55,1
DA:58,1
DA:61,1
DA:62,2
DA:63,2
DA:66,2
DA:67,2
DA:68,2
DA:69,2
DA:72,2
DA:73,1
DA:77,2
DA:81,1
DA:82,2
DA:83,0
DA:84,1
DA:86,1
DA:87,1
DA:92,3
DA:97,6
DA:100,6
DA:101,5
DA:105,1
DA:108,1
DA:111,1
DA:112,1
DA:113,1
DA:116,1
DA:117,1
DA:118,1
DA:119,1
DA:122,1
DA:123,0
DA:128,1
DA:129,1
DA:132,1
DA:136,1
DA:137,0
DA:141,1
DA:144,1
DA:145,1
DA:146,1
DA:149,1
DA:150,0
DA:151,0
DA:152,0
DA:156,1
DA:159,1
DA:160,0
DA:161,0
DA:162,0
DA:168,1
DA:169,0
DA:172,1
LF:76
LH:66
BRDA:19,0,0,2
BRDA:19,0,1,1
BRDA:28,1,0,1
BRDA:28,1,1,1
BRDA:44,2,0,1
BRDA:44,3,0,5
BRDA:44,3,1,1
BRDA:46,4,0,1
BRDA:53,5,0,1
BRDA:53,6,0,4
BRDA:53,6,1,2
BRDA:68,7,0,2
BRDA:68,7,1,1
BRDA:72,8,0,1
BRDA:86,9,0,1
BRDA:100,10,0,5
BRDA:118,11,0,1
BRDA:118,11,1,1
BRDA:122,12,0,0
BRDA:128,13,0,1
BRDA:149,14,0,0
BRDA:149,15,0,1
BRDA:149,15,1,0
BRDA:151,16,0,0
BRDA:159,17,0,0
BRDA:159,18,0,1
BRDA:159,18,1,0
BRDA:161,19,0,0
BRDA:168,20,0,0
BRDA:169,21,0,0
BRDA:169,21,1,0
BRF:31
BRH:21
end_of_record
TN:
SF:src/chat/embeddingStore.ts
FN:47,(anonymous_0)
FN:54,(anonymous_1)
FN:62,(anonymous_3)
FN:62,(anonymous_4)
FN:77,(anonymous_5)
FN:139,(anonymous_7)
FN:158,(anonymous_9)
FN:158,(anonymous_10)
FN:167,(anonymous_11)
FN:184,(anonymous_12)
FN:209,(anonymous_14)
FN:317,(anonymous_15)
FN:352,(anonymous_16)
FN:360,(anonymous_17)
FN:368,(anonymous_18)
FN:374,(anonymous_20)
FN:378,(anonymous_21)
FN:397,(anonymous_22)
FN:429,(anonymous_24)
FN:453,(anonymous_25)
FN:493,(anonymous_27)
FN:497,(anonymous_28)
FN:503,initializeEmbeddingSystem
FN:522,(anonymous_31)
FN:522,(anonymous_32)
FN:557,scanForChanges
FN:571,(anonymous_35)
FNF:27
FNH:15
FNDA:23,(anonymous_0)
FNDA:12,(anonymous_1)
FNDA:1,(anonymous_3)
FNDA:1,(anonymous_4)
FNDA:5,(anonymous_5)
FNDA:3,(anonymous_7)
FNDA:1,(anonymous_9)
FNDA:1,(anonymous_10)
FNDA:1,(anonymous_11)
FNDA:2,(anonymous_12)
FNDA:2,(anonymous_14)
FNDA:0,(anonymous_15)
FNDA:1,(anonymous_16)
FNDA:4,(anonymous_17)
FNDA:0,(anonymous_18)
FNDA:0,(anonymous_20)
FNDA:0,(anonymous_21)
FNDA:0,(anonymous_22)
FNDA:0,(anonymous_24)
FNDA:0,(anonymous_25)
FNDA:1,(anonymous_27)
FNDA:2,(anonymous_28)
FNDA:0,initializeEmbeddingSystem
FNDA:0,(anonymous_31)
FNDA:0,(anonymous_32)
FNDA:0,scanForChanges
FNDA:0,(anonymous_35)
DA:1,3
DA:3,3
DA:5,3
DA:6,3
DA:29,3
DA:30,3
DA:33,3
DA:36,3
DA:37,3
DA:39,3
DA:40,23
DA:48,23
DA:49,23
DA:50,23
DA:51,23
DA:55,12
DA:56,12
DA:58,12
DA:60,12
DA:61,11
DA:62,1
DA:63,1
DA:66,11
DA:68,1
DA:70,11
DA:72,1
DA:73,1
DA:78,5
DA:79,5
DA:80,5
DA:85,5
DA:86,0
DA:89,5
DA:93,5
DA:98,5
DA:99,4
DA:100,4
DA:103,5
DA:108,5
DA:115,5
DA:116,4
DA:118,4
DA:119,3
DA:122,3
DA:123,0
DA:125,0
DA:126,0
DA:129,3
DA:131,1
DA:134,2
DA:135,2
DA:140,3
DA:141,3
DA:144,3
DA:145,1
DA:148,2
DA:149,2
DA:152,2
DA:153,1
DA:154,1
DA:157,1
DA:158,1
DA:159,1
DA:160,1
DA:161,1
DA:165,1
DA:167,1
DA:175,1
DA:176,1
DA:177,1
DA:179,0
DA:180,0
DA:185,2
DA:186,2
DA:187,1
DA:191,1
DA:192,0
DA:193,1
DA:194,0
DA:197,1
DA:198,1
DA:199,0
DA:201,1
DA:203,1
DA:205,1
DA:210,2
DA:211,2
DA:212,2
DA:215,2
DA:216,2
DA:218,2
DA:219,4
DA:222,3
DA:223,3
DA:224,3
DA:225,3
DA:227,3
DA:228,6
DA:229,6
DA:232,4
DA:234,4
DA:235,3
DA:236,0
DA:240,0
DA:244,3
DA:246,0
DA:247,0
DA:249,3
DA:251,3
DA:254,1
DA:257,4
DA:261,3
DA:262,3
DA:266,3
DA:271,2
DA:272,2
DA:273,2
DA:274,2
DA:276,2
DA:277,3
DA:279,3
DA:280,3
DA:281,2
DA:283,3
DA:284,3
DA:285,0
DA:288,0
DA:289,0
DA:293,0
DA:296,0
DA:297,0
DA:298,0
DA:300,0
DA:301,0
DA:306,2
DA:307,1
DA:313,2
DA:318,0
DA:321,0
DA:322,0
DA:325,0
DA:326,0
DA:327,0
DA:328,0
DA:333,0
DA:334,0
DA:335,0
DA:337,0
DA:338,0
DA:339,0
DA:340,0
DA:345,0
DA:346,0
DA:349,0
DA:353,1
DA:355,1
DA:356,1
DA:361,4
DA:362,2
DA:363,2
DA:365,2
DA:369,0
DA:370,0
DA:374,0
DA:378,0
DA:387,0
DA:391,0
DA:393,0
DA:398,0
DA:399,0
DA:402,0
DA:403,0
DA:404,0
DA:405,0
DA:408,0
DA:413,0
DA:414,0
DA:417,0
DA:418,0
DA:419,0
DA:421,0
DA:423,0
DA:424,0
DA:427,0
DA:429,0
DA:434,0
DA:435,0
DA:439,0
DA:442,0
DA:443,0
DA:446,0
DA:448,0
DA:454,0
DA:455,0
DA:458,0
DA:459,0
DA:460,0
DA:462,0
DA:463,0
DA:464,0
DA:465,0
DA:466,0
DA:467,0
DA:468,0
DA:470,0
DA:471,0
DA:475,0
DA:480,0
DA:483,0
DA:485,0
DA:486,0
DA:487,0
DA:489,0
DA:494,1
DA:498,2
DA:503,3
DA:505,0
DA:506,0
DA:510,0
DA:511,0
DA:514,0
DA:517,0
DA:518,0
DA:522,0
DA:523,0
DA:524,0
DA:527,0
DA:530,0
DA:532,0
DA:535,0
DA:538,0
DA:539,0
DA:542,0
DA:543,0
DA:546,0
DA:547,0
DA:548,0
DA:550,0
DA:554,0
DA:559,0
DA:562,0
DA:564,0
DA:566,0
DA:567,0
DA:568,0
DA:571,0
DA:572,0
DA:573,0
DA:574,0
DA:579,0
DA:580,0
DA:582,0
DA:583,0
DA:585,0
DA:586,0
DA:587,0
DA:591,0
DA:592,0
DA:594,0
DA:595,0
DA:596,0
DA:598,0
DA:600,0
DA:601,0
DA:602,0
DA:603,0
DA:609,0
DA:610,0
DA:613,0
DA:614,0
DA:615,0
DA:619,0
DA:622,0
DA:623,0
DA:624,0
DA:625,0
DA:626,0
DA:628,0
DA:633,0
DA:634,0
DA:635,0
DA:637,0
LF:282
LH:125
BRDA:60,0,0,11
BRDA:60,0,1,1
BRDA:60,1,0,12
BRDA:60,1,1,3
BRDA:80,2,0,4
BRDA:80,2,1,1
BRDA:81,3,0,4
BRDA:81,3,1,0
BRDA:85,4,0,0
BRDA:89,5,0,4
BRDA:89,5,1,1
BRDA:98,6,0,4
BRDA:118,7,0,3
BRDA:118,7,1,1
BRDA:118,8,0,4
BRDA:118,8,1,4
BRDA:118,8,2,3
BRDA:122,9,0,0
BRDA:144,10,0,1
BRDA:152,11,0,1
BRDA:186,12,0,1
BRDA:191,13,0,0
BRDA:191,13,1,1
BRDA:191,14,0,1
BRDA:191,14,1,1
BRDA:193,15,0,0
BRDA:193,16,0,1
BRDA:193,16,1,0
BRDA:198,17,0,0
BRDA:198,18,0,1
BRDA:198,18,1,1
BRDA:219,19,0,1
BRDA:229,20,0,2
BRDA:234,21,0,3
BRDA:234,21,1,1
BRDA:234,22,0,4
BRDA:234,22,1,1
BRDA:234,22,2,0
BRDA:235,23,0,0
BRDA:244,24,0,0
BRDA:244,24,1,3
BRDA:244,25,0,3
BRDA:244,25,1,0
BRDA:251,26,0,3
BRDA:251,26,1,0
BRDA:254,27,0,1
BRDA:254,27,1,0
BRDA:261,28,0,3
BRDA:279,29,0,3
BRDA:279,29,1,0
BRDA:280,30,0,2
BRDA:284,31,0,0
BRDA:288,32,0,0
BRDA:288,32,1,0
BRDA:306,33,0,1
BRDA:318,34,0,0
BRDA:326,35,0,0
BRDA:326,35,1,0
BRDA:327,36,0,0
BRDA:333,37,0,0
BRDA:338,38,0,0
BRDA:338,38,1,0
BRDA:339,39,0,0
BRDA:345,40,0,0
BRDA:361,41,0,2
BRDA:361,42,0,4
BRDA:361,42,1,3
BRDA:382,43,0,0
BRDA:382,43,1,0
BRDA:382,44,0,0
BRDA:382,44,1,0
BRDA:382,45,0,0
BRDA:382,45,1,0
BRDA:382,46,0,0
BRDA:382,46,1,0
BRDA:382,47,0,0
BRDA:382,47,1,0
BRDA:403,48,0,0
BRDA:419,49,0,0
BRDA:421,50,0,0
BRDA:421,50,1,0
BRDA:442,51,0,0
BRDA:442,51,1,0
BRDA:467,52,0,0
BRDA:505,53,0,0
BRDA:505,54,0,0
BRDA:505,54,1,0
BRDA:510,55,0,0
BRDA:510,55,1,0
BRDA:517,56,0,0
BRDA:530,57,0,0
BRDA:557,58,0,0
BRDA:559,59,0,0
BRDA:562,60,0,0
BRDA:562,61,0,0
BRDA:562,61,1,0
BRDA:564,62,0,0
BRDA:573,63,0,0
BRDA:582,64,0,0
BRDA:586,65,0,0
BRDA:586,66,0,0
BRDA:586,66,1,0
BRDA:592,67,0,0
BRDA:625,68,0,0
BRDA:626,69,0,0
BRF:105
BRH:41
end_of_record
TN:
SF:src/chat/llmConnector.ts
FN:9,(anonymous_0)
FN:13,(anonymous_1)
FNF:2
FNH:2
FNDA:21,(anonymous_0)
FNDA:9,(anonymous_1)
DA:4,2
DA:6,2
DA:10,21
DA:14,9
DA:15,9
DA:18,9
DA:22,9
DA:23,1
DA:26,8
DA:28,8
DA:33,8
DA:34,7
DA:35,7
DA:36,1
DA:38,6
DA:42,7
DA:51,7
DA:58,6
DA:59,1
DA:63,5
DA:65,5
DA:66,4
DA:67,4
DA:69,1
DA:72,4
DA:73,1
DA:75,3
DA:76,3
LF:28
LH:28
BRDA:15,0,0,1
BRDA:15,0,1,8
BRDA:18,1,0,1
BRDA:18,1,1,8
BRDA:22,2,0,1
BRDA:33,3,0,7
BRDA:35,4,0,1
BRDA:58,5,0,1
BRDA:65,6,0,4
BRDA:65,6,1,1
BRDA:65,7,0,5
BRDA:65,7,1,4
BRDA:72,8,0,1
BRF:13
BRH:13
end_of_record
TN:
SF:src/chat/vectorStore.ts
FN:19,(anonymous_0)
FN:25,(anonymous_1)
FN:29,(anonymous_2)
FN:36,(anonymous_3)
FN:48,(anonymous_4)
FN:84,(anonymous_6)
FN:116,(anonymous_7)
FN:138,(anonymous_8)
FN:140,(anonymous_9)
FN:142,(anonymous_10)
FN:152,(anonymous_11)
FN:177,(anonymous_12)
FN:185,(anonymous_13)
FN:208,(anonymous_14)
FN:214,(anonymous_15)
FN:223,(anonymous_16)
FNF:16
FNH:15
FNDA:17,(anonymous_0)
FNDA:18,(anonymous_1)
FNDA:1,(anonymous_2)
FNDA:2,(anonymous_3)
FNDA:4,(anonymous_4)
FNDA:0,(anonymous_6)
FNDA:1,(anonymous_7)
FNDA:3,(anonymous_8)
FNDA:3,(anonymous_9)
FNDA:3,(anonymous_10)
FNDA:8,(anonymous_11)
FNDA:5,(anonymous_12)
FNDA:5,(anonymous_13)
FNDA:1,(anonymous_14)
FNDA:2,(anonymous_15)
FNDA:2,(anonymous_16)
DA:1,4
DA:4,4
DA:12,4
DA:13,17
DA:15,17
DA:16,17
DA:20,17
DA:21,17
DA:22,17
DA:26,18
DA:30,1
DA:31,1
DA:32,1
DA:37,2
DA:38,2
DA:45,2
DA:60,4
DA:61,1
DA:62,1
DA:72,3
DA:74,3
DA:75,3
DA:76,3
DA:78,3
DA:79,5
DA:80,5
DA:83,5
DA:84,5
DA:85,0
DA:86,0
DA:88,0
DA:92,5
DA:93,5
DA:96,5
DA:98,5
DA:99,6
DA:100,6
DA:102,6
DA:105,6
DA:107,6
DA:109,6
DA:110,4
DA:111,4
DA:116,5
DA:119,5
DA:120,6
DA:121,6
DA:123,6
DA:124,4
DA:137,3
DA:138,3
DA:140,3
DA:142,3
DA:149,3
DA:154,8
DA:155,0
DA:156,0
DA:159,8
DA:160,8
DA:161,8
DA:163,8
DA:164,3072
DA:165,3072
DA:166,3072
DA:169,8
DA:170,8
DA:172,8
DA:174,6
DA:179,5
DA:180,0
DA:181,0
DA:185,5
DA:186,5
DA:187,1
DA:188,1
DA:190,4
DA:193,5
DA:194,1
DA:195,1
DA:198,4
DA:199,4
DA:202,4
DA:209,1
DA:210,1
DA:215,2
DA:216,2
DA:217,1
DA:219,1
DA:224,2
DA:225,2
DA:226,1
DA:228,1
LF:92
LH:85
BRDA:22,0,0,17
BRDA:60,1,0,1
BRDA:76,2,0,3
BRDA:76,2,1,3
BRDA:83,3,0,5
BRDA:83,3,1,0
BRDA:83,4,0,0
BRDA:83,4,1,5
BRDA:83,5,0,5
BRDA:83,5,1,5
BRDA:85,6,0,0
BRDA:92,7,0,0
BRDA:92,7,1,5
BRDA:92,8,0,5
BRDA:92,8,1,5
BRDA:93,9,0,0
BRDA:93,9,1,5
BRDA:100,10,0,0
BRDA:100,11,0,6
BRDA:100,11,1,6
BRDA:100,12,0,0
BRDA:100,12,1,6
BRDA:100,13,0,6
BRDA:100,13,1,6
BRDA:109,14,0,4
BRDA:123,15,0,4
BRDA:145,16,0,3
BRDA:145,16,1,0
BRDA:145,17,0,0
BRDA:145,17,1,3
BRDA:145,18,0,3
BRDA:145,18,1,3
BRDA:146,19,0,3
BRDA:146,19,1,0
BRDA:146,20,0,0
BRDA:146,20,1,3
BRDA:146,21,0,3
BRDA:146,21,1,3
BRDA:154,22,0,0
BRDA:172,23,0,2
BRDA:172,24,0,8
BRDA:172,24,1,8
BRDA:179,25,0,0
BRDA:179,26,0,5
BRDA:179,26,1,5
BRDA:179,26,2,5
BRDA:186,27,0,1
BRDA:186,28,0,5
BRDA:186,28,1,5
BRDA:187,29,0,1
BRDA:187,29,1,0
BRDA:187,30,0,0
BRDA:187,30,1,1
BRDA:187,31,0,1
BRDA:187,31,1,1
BRDA:193,32,0,1
BRDA:216,33,0,1
BRDA:216,34,0,2
BRDA:216,34,1,1
BRDA:216,34,2,1
BRDA:225,35,0,1
BRF:61
BRH:46
end_of_record
